Agent pid 3048168
Identity added: /home/mbecke16/.ssh/id_ed25519 (marcbecker@posteo.de)
- The project is out-of-sync -- use `renv::status()` for details.
During startup - Warning messages:
1: Setting LC_CTYPE failed, using "C" 
2: Setting LC_COLLATE failed, using "C" 
3: Setting LC_TIME failed, using "C" 
4: Setting LC_MESSAGES failed, using "C" 
5: Setting LC_MONETARY failed, using "C" 
6: Setting LC_PAPER failed, using "C" 
7: Setting LC_MEASUREMENT failed, using "C" 

Attaching package: 'mlr3misc'

The following object is masked from 'package:batchtools':

    chunk

Sourcing configuration file 'batchtools.conf.R' ...
Created registry in '/gscratch/mbecke16/mbo_config/registry_coordinate_descent' using cluster functions 'Slurm'
Adding problem 'rbv2_svm_40981'
Adding problem 'rbv2_svm_4134'
Adding problem 'rbv2_svm_1220'
Adding problem 'rbv2_svm_40978'
Adding problem 'rbv2_svm_40966'
Adding problem 'rbv2_ranger_4135'
Adding problem 'rbv2_ranger_40981'
Adding problem 'rbv2_ranger_4134'
Adding problem 'rbv2_ranger_1220'
Adding problem 'rbv2_ranger_4154'
Adding problem 'rbv2_rpart_41138'
Adding problem 'rbv2_rpart_4135'
Adding problem 'rbv2_rpart_40981'
Adding problem 'rbv2_rpart_4134'
Adding problem 'rbv2_rpart_40927'
Adding problem 'rbv2_glmnet_41138'
Adding problem 'rbv2_glmnet_4135'
Adding problem 'rbv2_glmnet_40981'
Adding problem 'rbv2_glmnet_4134'
Adding problem 'rbv2_glmnet_1220'
Adding problem 'rbv2_xgboost_16'
Adding problem 'rbv2_xgboost_40923'
Adding problem 'rbv2_xgboost_41143'
Adding problem 'rbv2_xgboost_470'
Adding problem 'rbv2_xgboost_1487'
Adding problem 'rbv2_aknn_41138'
Adding problem 'rbv2_aknn_40981'
Adding problem 'rbv2_aknn_4134'
Adding problem 'rbv2_aknn_40927'
Adding problem 'rbv2_aknn_1220'
Adding problem 'rbv2_super_41138'
Adding problem 'rbv2_super_40981'
Adding problem 'rbv2_super_4134'
Adding problem 'rbv2_super_1220'
Adding problem 'rbv2_super_4154'
Adding problem 'lcbench_3945'
Adding problem 'lcbench_7593'
Adding problem 'lcbench_34539'
Adding problem 'lcbench_126025'
Adding problem 'lcbench_126026'
Adding algorithm 'mbo'
INFO  [02:31:26.728] [bbotk] Evaluating 1 configuration(s)
Adding 2 experiments ('rbv2_svm_40981'[1] x 'mbo'[1] x repls[2]) ...
Adding 2 experiments ('rbv2_svm_4134'[1] x 'mbo'[1] x repls[2]) ...
Adding 2 experiments ('rbv2_svm_1220'[1] x 'mbo'[1] x repls[2]) ...
Adding 2 experiments ('rbv2_svm_40978'[1] x 'mbo'[1] x repls[2]) ...
Adding 2 experiments ('rbv2_svm_40966'[1] x 'mbo'[1] x repls[2]) ...
Adding 2 experiments ('rbv2_ranger_4135'[1] x 'mbo'[1] x repls[2]) ...
Adding 2 experiments ('rbv2_ranger_40981'[1] x 'mbo'[1] x repls[2]) ...
Adding 2 experiments ('rbv2_ranger_4134'[1] x 'mbo'[1] x repls[2]) ...
Adding 2 experiments ('rbv2_ranger_1220'[1] x 'mbo'[1] x repls[2]) ...
Adding 2 experiments ('rbv2_ranger_4154'[1] x 'mbo'[1] x repls[2]) ...
Adding 2 experiments ('rbv2_rpart_41138'[1] x 'mbo'[1] x repls[2]) ...
Adding 2 experiments ('rbv2_rpart_4135'[1] x 'mbo'[1] x repls[2]) ...
Adding 2 experiments ('rbv2_rpart_40981'[1] x 'mbo'[1] x repls[2]) ...
Adding 2 experiments ('rbv2_rpart_4134'[1] x 'mbo'[1] x repls[2]) ...
Adding 2 experiments ('rbv2_rpart_40927'[1] x 'mbo'[1] x repls[2]) ...
Adding 2 experiments ('rbv2_glmnet_41138'[1] x 'mbo'[1] x repls[2]) ...
Adding 2 experiments ('rbv2_glmnet_4135'[1] x 'mbo'[1] x repls[2]) ...
Adding 2 experiments ('rbv2_glmnet_40981'[1] x 'mbo'[1] x repls[2]) ...
Adding 2 experiments ('rbv2_glmnet_4134'[1] x 'mbo'[1] x repls[2]) ...
Adding 2 experiments ('rbv2_glmnet_1220'[1] x 'mbo'[1] x repls[2]) ...
Adding 2 experiments ('rbv2_xgboost_16'[1] x 'mbo'[1] x repls[2]) ...
Adding 2 experiments ('rbv2_xgboost_40923'[1] x 'mbo'[1] x repls[2]) ...
Adding 2 experiments ('rbv2_xgboost_41143'[1] x 'mbo'[1] x repls[2]) ...
Adding 2 experiments ('rbv2_xgboost_470'[1] x 'mbo'[1] x repls[2]) ...
Adding 2 experiments ('rbv2_xgboost_1487'[1] x 'mbo'[1] x repls[2]) ...
Adding 2 experiments ('rbv2_aknn_41138'[1] x 'mbo'[1] x repls[2]) ...
Adding 2 experiments ('rbv2_aknn_40981'[1] x 'mbo'[1] x repls[2]) ...
Adding 2 experiments ('rbv2_aknn_4134'[1] x 'mbo'[1] x repls[2]) ...
Adding 2 experiments ('rbv2_aknn_40927'[1] x 'mbo'[1] x repls[2]) ...
Adding 2 experiments ('rbv2_aknn_1220'[1] x 'mbo'[1] x repls[2]) ...
Adding 2 experiments ('rbv2_super_41138'[1] x 'mbo'[1] x repls[2]) ...
Adding 2 experiments ('rbv2_super_40981'[1] x 'mbo'[1] x repls[2]) ...
Adding 2 experiments ('rbv2_super_4134'[1] x 'mbo'[1] x repls[2]) ...
Adding 2 experiments ('rbv2_super_1220'[1] x 'mbo'[1] x repls[2]) ...
Adding 2 experiments ('rbv2_super_4154'[1] x 'mbo'[1] x repls[2]) ...
Adding 2 experiments ('lcbench_3945'[1] x 'mbo'[1] x repls[2]) ...
Adding 2 experiments ('lcbench_7593'[1] x 'mbo'[1] x repls[2]) ...
Adding 2 experiments ('lcbench_34539'[1] x 'mbo'[1] x repls[2]) ...
Adding 2 experiments ('lcbench_126025'[1] x 'mbo'[1] x repls[2]) ...
Adding 2 experiments ('lcbench_126026'[1] x 'mbo'[1] x repls[2]) ...
Submitting 80 jobs in 80 chunks using cluster functions 'Slurm' ...
slurmstepd: error: *** JOB 783487 ON mbcpu-001 CANCELLED AT 2024-06-17T03:03:54 ***
