- One or more packages recorded in the lockfile are not installed.
- Use `renv::status()` for more details.

Attaching package: ‘mlr3misc’

The following object is masked from ‘package:batchtools’:

    chunk

Loading required package: paradox
Sourcing configuration file 'beartooth/batchtools.conf.R' ...
Loading required package: renv

Attaching package: ‘renv’

The following object is masked from ‘package:reticulate’:

    use_python

The following objects are masked from ‘package:stats’:

    embed, update

The following objects are masked from ‘package:utils’:

    history, upgrade

The following objects are masked from ‘package:base’:

    autoload, load, remove

Created registry in '/gscratch/mbecke16/registry_focus_search' using cluster functions 'Slurm'
Adding problem 'rbv2_svm_40981'
Adding problem 'rbv2_svm_4134'
Adding problem 'rbv2_svm_1220'
Adding problem 'rbv2_svm_40978'
Adding problem 'rbv2_svm_40966'
Adding problem 'rbv2_svm_40536'
Adding problem 'rbv2_svm_41156'
Adding problem 'rbv2_svm_458'
Adding problem 'rbv2_svm_41157'
Adding problem 'rbv2_svm_40975'
Adding problem 'rbv2_svm_40994'
Adding problem 'rbv2_svm_1468'
Adding problem 'rbv2_svm_6332'
Adding problem 'rbv2_svm_40670'
Adding problem 'rbv2_svm_151'
Adding problem 'rbv2_svm_1475'
Adding problem 'rbv2_svm_1476'
Adding problem 'rbv2_svm_1478'
Adding problem 'rbv2_svm_1479'
Adding problem 'rbv2_svm_41212'
Adding problem 'rbv2_svm_1480'
Adding problem 'rbv2_svm_1053'
Adding problem 'rbv2_svm_1067'
Adding problem 'rbv2_svm_1056'
Adding problem 'rbv2_svm_12'
Adding problem 'rbv2_svm_1487'
Adding problem 'rbv2_svm_1068'
Adding problem 'rbv2_svm_32'
Adding problem 'rbv2_svm_470'
Adding problem 'rbv2_svm_312'
Adding problem 'rbv2_svm_38'
Adding problem 'rbv2_svm_40982'
Adding problem 'rbv2_svm_50'
Adding problem 'rbv2_svm_41216'
Adding problem 'rbv2_svm_307'
Adding problem 'rbv2_svm_40498'
Adding problem 'rbv2_svm_181'
Adding problem 'rbv2_svm_1464'
Adding problem 'rbv2_svm_41164'
Adding problem 'rbv2_svm_16'
Adding problem 'rbv2_svm_1461'
Adding problem 'rbv2_svm_41162'
Adding problem 'rbv2_svm_6'
Adding problem 'rbv2_svm_14'
Adding problem 'rbv2_svm_1494'
Adding problem 'rbv2_svm_54'
Adding problem 'rbv2_svm_375'
Adding problem 'rbv2_svm_1590'
Adding problem 'rbv2_svm_23'
Adding problem 'rbv2_svm_41163'
Adding problem 'rbv2_svm_1111'
Adding problem 'rbv2_svm_41027'
Adding problem 'rbv2_svm_40668'
Adding problem 'rbv2_svm_41138'
Adding problem 'rbv2_svm_4135'
Adding problem 'rbv2_svm_4538'
Adding problem 'rbv2_svm_40496'
Adding problem 'rbv2_svm_4534'
Adding problem 'rbv2_svm_40900'
Adding problem 'rbv2_svm_1457'
Adding problem 'rbv2_svm_11'
Adding problem 'rbv2_svm_1462'
Adding problem 'rbv2_svm_41142'
Adding problem 'rbv2_svm_40701'
Adding problem 'rbv2_svm_29'
Adding problem 'rbv2_svm_37'
Adding problem 'rbv2_svm_23381'
Adding problem 'rbv2_svm_188'
Adding problem 'rbv2_svm_41143'
Adding problem 'rbv2_svm_1063'
Adding problem 'rbv2_svm_3'
Adding problem 'rbv2_svm_18'
Adding problem 'rbv2_svm_40979'
Adding problem 'rbv2_svm_22'
Adding problem 'rbv2_svm_1515'
Adding problem 'rbv2_svm_334'
Adding problem 'rbv2_svm_24'
Adding problem 'rbv2_svm_1493'
Adding problem 'rbv2_svm_28'
Adding problem 'rbv2_svm_1050'
Adding problem 'rbv2_svm_1049'
Adding problem 'rbv2_svm_40984'
Adding problem 'rbv2_svm_40685'
Adding problem 'rbv2_svm_42'
Adding problem 'rbv2_svm_44'
Adding problem 'rbv2_svm_46'
Adding problem 'rbv2_svm_1040'
Adding problem 'rbv2_svm_41146'
Adding problem 'rbv2_svm_377'
Adding problem 'rbv2_svm_40499'
Adding problem 'rbv2_svm_1497'
Adding problem 'rbv2_svm_60'
Adding problem 'rbv2_svm_40983'
Adding problem 'rbv2_svm_4154'
Adding problem 'rbv2_svm_469'
Adding problem 'rbv2_svm_31'
Adding problem 'rbv2_svm_41278'
Adding problem 'rbv2_svm_1489'
Adding problem 'rbv2_svm_1501'
Adding problem 'rbv2_svm_15'
Adding problem 'rbv2_svm_300'
Adding problem 'rbv2_svm_1485'
Adding problem 'rbv2_svm_1486'
Adding problem 'rbv2_svm_1510'
Adding problem 'rbv2_svm_182'
Adding problem 'rbv2_svm_41169'
Adding problem 'rbv2_ranger_4135'
Adding problem 'rbv2_ranger_40981'
Adding problem 'rbv2_ranger_4134'
Adding problem 'rbv2_ranger_1220'
Adding problem 'rbv2_ranger_4154'
Adding problem 'rbv2_ranger_4538'
Adding problem 'rbv2_ranger_40978'
Adding problem 'rbv2_ranger_375'
Adding problem 'rbv2_ranger_40496'
Adding problem 'rbv2_ranger_40966'
Adding problem 'rbv2_ranger_4534'
Adding problem 'rbv2_ranger_40900'
Adding problem 'rbv2_ranger_40536'
Adding problem 'rbv2_ranger_41156'
Adding problem 'rbv2_ranger_1590'
Adding problem 'rbv2_ranger_1457'
Adding problem 'rbv2_ranger_458'
Adding problem 'rbv2_ranger_469'
Adding problem 'rbv2_ranger_41157'
Adding problem 'rbv2_ranger_11'
Adding problem 'rbv2_ranger_1461'
Adding problem 'rbv2_ranger_1462'
Adding problem 'rbv2_ranger_1464'
Adding problem 'rbv2_ranger_15'
Adding problem 'rbv2_ranger_40975'
Adding problem 'rbv2_ranger_41142'
Adding problem 'rbv2_ranger_40701'
Adding problem 'rbv2_ranger_40994'
Adding problem 'rbv2_ranger_23'
Adding problem 'rbv2_ranger_1468'
Adding problem 'rbv2_ranger_40668'
Adding problem 'rbv2_ranger_29'
Adding problem 'rbv2_ranger_31'
Adding problem 'rbv2_ranger_6332'
Adding problem 'rbv2_ranger_37'
Adding problem 'rbv2_ranger_40670'
Adding problem 'rbv2_ranger_23381'
Adding problem 'rbv2_ranger_151'
Adding problem 'rbv2_ranger_188'
Adding problem 'rbv2_ranger_41164'
Adding problem 'rbv2_ranger_1475'
Adding problem 'rbv2_ranger_1476'
Adding problem 'rbv2_ranger_1478'
Adding problem 'rbv2_ranger_1479'
Adding problem 'rbv2_ranger_41212'
Adding problem 'rbv2_ranger_1480'
Adding problem 'rbv2_ranger_41143'
Adding problem 'rbv2_ranger_1053'
Adding problem 'rbv2_ranger_41027'
Adding problem 'rbv2_ranger_1067'
Adding problem 'rbv2_ranger_1063'
Adding problem 'rbv2_ranger_3'
Adding problem 'rbv2_ranger_6'
Adding problem 'rbv2_ranger_1485'
Adding problem 'rbv2_ranger_1056'
Adding problem 'rbv2_ranger_12'
Adding problem 'rbv2_ranger_14'
Adding problem 'rbv2_ranger_16'
Adding problem 'rbv2_ranger_18'
Adding problem 'rbv2_ranger_40979'
Adding problem 'rbv2_ranger_22'
Adding problem 'rbv2_ranger_1515'
Adding problem 'rbv2_ranger_334'
Adding problem 'rbv2_ranger_24'
Adding problem 'rbv2_ranger_1486'
Adding problem 'rbv2_ranger_41278'
Adding problem 'rbv2_ranger_28'
Adding problem 'rbv2_ranger_1487'
Adding problem 'rbv2_ranger_1068'
Adding problem 'rbv2_ranger_1050'
Adding problem 'rbv2_ranger_1049'
Adding problem 'rbv2_ranger_32'
Adding problem 'rbv2_ranger_1489'
Adding problem 'rbv2_ranger_470'
Adding problem 'rbv2_ranger_1494'
Adding problem 'rbv2_ranger_182'
Adding problem 'rbv2_ranger_312'
Adding problem 'rbv2_ranger_40984'
Adding problem 'rbv2_ranger_1501'
Adding problem 'rbv2_ranger_40685'
Adding problem 'rbv2_ranger_38'
Adding problem 'rbv2_ranger_42'
Adding problem 'rbv2_ranger_44'
Adding problem 'rbv2_ranger_46'
Adding problem 'rbv2_ranger_40982'
Adding problem 'rbv2_ranger_1040'
Adding problem 'rbv2_ranger_41146'
Adding problem 'rbv2_ranger_377'
Adding problem 'rbv2_ranger_40499'
Adding problem 'rbv2_ranger_50'
Adding problem 'rbv2_ranger_54'
Adding problem 'rbv2_ranger_41216'
Adding problem 'rbv2_ranger_307'
Adding problem 'rbv2_ranger_1497'
Adding problem 'rbv2_ranger_60'
Adding problem 'rbv2_ranger_1510'
Adding problem 'rbv2_ranger_40983'
Adding problem 'rbv2_ranger_40498'
Adding problem 'rbv2_ranger_181'
Adding problem 'rbv2_ranger_41138'
Adding problem 'rbv2_ranger_41163'
Adding problem 'rbv2_ranger_1111'
Adding problem 'rbv2_ranger_41159'
Adding problem 'rbv2_ranger_300'
Adding problem 'rbv2_ranger_41162'
Adding problem 'rbv2_ranger_23517'
Adding problem 'rbv2_ranger_41165'
Adding problem 'rbv2_ranger_4541'
Adding problem 'rbv2_ranger_41161'
Adding problem 'rbv2_ranger_41166'
Adding problem 'rbv2_ranger_40927'
Adding problem 'rbv2_ranger_41150'
Adding problem 'rbv2_ranger_23512'
Adding problem 'rbv2_ranger_41168'
Adding problem 'rbv2_ranger_1493'
Adding problem 'rbv2_ranger_40996'
Adding problem 'rbv2_ranger_554'
Adding problem 'rbv2_ranger_40923'
Adding problem 'rbv2_ranger_41169'
Adding problem 'rbv2_rpart_41138'
Adding problem 'rbv2_rpart_4135'
Adding problem 'rbv2_rpart_40981'
Adding problem 'rbv2_rpart_4134'
Adding problem 'rbv2_rpart_40927'
Adding problem 'rbv2_rpart_1220'
Adding problem 'rbv2_rpart_4154'
Adding problem 'rbv2_rpart_40923'
Adding problem 'rbv2_rpart_41163'
Adding problem 'rbv2_rpart_40996'
Adding problem 'rbv2_rpart_4538'
Adding problem 'rbv2_rpart_40978'
Adding problem 'rbv2_rpart_375'
Adding problem 'rbv2_rpart_1111'
Adding problem 'rbv2_rpart_40496'
Adding problem 'rbv2_rpart_40966'
Adding problem 'rbv2_rpart_41150'
Adding problem 'rbv2_rpart_4534'
Adding problem 'rbv2_rpart_40900'
Adding problem 'rbv2_rpart_40536'
Adding problem 'rbv2_rpart_41156'
Adding problem 'rbv2_rpart_1590'
Adding problem 'rbv2_rpart_1457'
Adding problem 'rbv2_rpart_458'
Adding problem 'rbv2_rpart_469'
Adding problem 'rbv2_rpart_41157'
Adding problem 'rbv2_rpart_11'
Adding problem 'rbv2_rpart_1461'
Adding problem 'rbv2_rpart_1462'
Adding problem 'rbv2_rpart_1464'
Adding problem 'rbv2_rpart_15'
Adding problem 'rbv2_rpart_40975'
Adding problem 'rbv2_rpart_41142'
Adding problem 'rbv2_rpart_40701'
Adding problem 'rbv2_rpart_40994'
Adding problem 'rbv2_rpart_23'
Adding problem 'rbv2_rpart_1468'
Adding problem 'rbv2_rpart_40668'
Adding problem 'rbv2_rpart_29'
Adding problem 'rbv2_rpart_31'
Adding problem 'rbv2_rpart_6332'
Adding problem 'rbv2_rpart_37'
Adding problem 'rbv2_rpart_4541'
Adding problem 'rbv2_rpart_40670'
Adding problem 'rbv2_rpart_23381'
Adding problem 'rbv2_rpart_151'
Adding problem 'rbv2_rpart_188'
Adding problem 'rbv2_rpart_41164'
Adding problem 'rbv2_rpart_1475'
Adding problem 'rbv2_rpart_1476'
Adding problem 'rbv2_rpart_41159'
Adding problem 'rbv2_rpart_1478'
Adding problem 'rbv2_rpart_41169'
Adding problem 'rbv2_rpart_23512'
Adding problem 'rbv2_rpart_1479'
Adding problem 'rbv2_rpart_41212'
Adding problem 'rbv2_rpart_1480'
Adding problem 'rbv2_rpart_300'
Adding problem 'rbv2_rpart_41168'
Adding problem 'rbv2_rpart_41143'
Adding problem 'rbv2_rpart_1053'
Adding problem 'rbv2_rpart_41027'
Adding problem 'rbv2_rpart_1067'
Adding problem 'rbv2_rpart_1063'
Adding problem 'rbv2_rpart_41162'
Adding problem 'rbv2_rpart_3'
Adding problem 'rbv2_rpart_6'
Adding problem 'rbv2_rpart_1485'
Adding problem 'rbv2_rpart_1056'
Adding problem 'rbv2_rpart_12'
Adding problem 'rbv2_rpart_14'
Adding problem 'rbv2_rpart_16'
Adding problem 'rbv2_rpart_18'
Adding problem 'rbv2_rpart_40979'
Adding problem 'rbv2_rpart_22'
Adding problem 'rbv2_rpart_1515'
Adding problem 'rbv2_rpart_554'
Adding problem 'rbv2_rpart_334'
Adding problem 'rbv2_rpart_24'
Adding problem 'rbv2_rpart_1486'
Adding problem 'rbv2_rpart_23517'
Adding problem 'rbv2_rpart_1493'
Adding problem 'rbv2_rpart_28'
Adding problem 'rbv2_rpart_1487'
Adding problem 'rbv2_rpart_1068'
Adding problem 'rbv2_rpart_1050'
Adding problem 'rbv2_rpart_1049'
Adding problem 'rbv2_rpart_32'
Adding problem 'rbv2_rpart_1489'
Adding problem 'rbv2_rpart_470'
Adding problem 'rbv2_rpart_1494'
Adding problem 'rbv2_rpart_41161'
Adding problem 'rbv2_rpart_41165'
Adding problem 'rbv2_rpart_182'
Adding problem 'rbv2_rpart_312'
Adding problem 'rbv2_rpart_40984'
Adding problem 'rbv2_rpart_1501'
Adding problem 'rbv2_rpart_40685'
Adding problem 'rbv2_rpart_38'
Adding problem 'rbv2_rpart_42'
Adding problem 'rbv2_rpart_44'
Adding problem 'rbv2_rpart_46'
Adding problem 'rbv2_rpart_40982'
Adding problem 'rbv2_rpart_1040'
Adding problem 'rbv2_rpart_41146'
Adding problem 'rbv2_rpart_377'
Adding problem 'rbv2_rpart_40499'
Adding problem 'rbv2_rpart_50'
Adding problem 'rbv2_rpart_54'
Adding problem 'rbv2_rpart_41166'
Adding problem 'rbv2_rpart_307'
Adding problem 'rbv2_rpart_1497'
Adding problem 'rbv2_rpart_60'
Adding problem 'rbv2_rpart_1510'
Adding problem 'rbv2_rpart_40983'
Adding problem 'rbv2_rpart_40498'
Adding problem 'rbv2_rpart_181'
Adding problem 'rbv2_glmnet_41138'
Adding problem 'rbv2_glmnet_4135'
Adding problem 'rbv2_glmnet_40981'
Adding problem 'rbv2_glmnet_4134'
Adding problem 'rbv2_glmnet_1220'
Adding problem 'rbv2_glmnet_4154'
Adding problem 'rbv2_glmnet_41163'
Adding problem 'rbv2_glmnet_4538'
Adding problem 'rbv2_glmnet_40978'
Adding problem 'rbv2_glmnet_375'
Adding problem 'rbv2_glmnet_1111'
Adding problem 'rbv2_glmnet_40496'
Adding problem 'rbv2_glmnet_40966'
Adding problem 'rbv2_glmnet_41150'
Adding problem 'rbv2_glmnet_4534'
Adding problem 'rbv2_glmnet_40900'
Adding problem 'rbv2_glmnet_40536'
Adding problem 'rbv2_glmnet_41156'
Adding problem 'rbv2_glmnet_1590'
Adding problem 'rbv2_glmnet_1457'
Adding problem 'rbv2_glmnet_458'
Adding problem 'rbv2_glmnet_469'
Adding problem 'rbv2_glmnet_41157'
Adding problem 'rbv2_glmnet_11'
Adding problem 'rbv2_glmnet_1461'
Adding problem 'rbv2_glmnet_1462'
Adding problem 'rbv2_glmnet_1464'
Adding problem 'rbv2_glmnet_15'
Adding problem 'rbv2_glmnet_40975'
Adding problem 'rbv2_glmnet_41142'
Adding problem 'rbv2_glmnet_40701'
Adding problem 'rbv2_glmnet_40994'
Adding problem 'rbv2_glmnet_23'
Adding problem 'rbv2_glmnet_1468'
Adding problem 'rbv2_glmnet_40668'
Adding problem 'rbv2_glmnet_29'
Adding problem 'rbv2_glmnet_31'
Adding problem 'rbv2_glmnet_6332'
Adding problem 'rbv2_glmnet_37'
Adding problem 'rbv2_glmnet_4541'
Adding problem 'rbv2_glmnet_40670'
Adding problem 'rbv2_glmnet_23381'
Adding problem 'rbv2_glmnet_151'
Adding problem 'rbv2_glmnet_188'
Adding problem 'rbv2_glmnet_41164'
Adding problem 'rbv2_glmnet_1475'
Adding problem 'rbv2_glmnet_1476'
Adding problem 'rbv2_glmnet_41159'
Adding problem 'rbv2_glmnet_1478'
Adding problem 'rbv2_glmnet_41169'
Adding problem 'rbv2_glmnet_23512'
Adding problem 'rbv2_glmnet_1479'
Adding problem 'rbv2_glmnet_41212'
Adding problem 'rbv2_glmnet_1480'
Adding problem 'rbv2_glmnet_300'
Adding problem 'rbv2_glmnet_41168'
Adding problem 'rbv2_glmnet_41143'
Adding problem 'rbv2_glmnet_1053'
Adding problem 'rbv2_glmnet_41027'
Adding problem 'rbv2_glmnet_1067'
Adding problem 'rbv2_glmnet_1063'
Adding problem 'rbv2_glmnet_41162'
Adding problem 'rbv2_glmnet_3'
Adding problem 'rbv2_glmnet_6'
Adding problem 'rbv2_glmnet_1485'
Adding problem 'rbv2_glmnet_1056'
Adding problem 'rbv2_glmnet_12'
Adding problem 'rbv2_glmnet_14'
Adding problem 'rbv2_glmnet_16'
Adding problem 'rbv2_glmnet_18'
Adding problem 'rbv2_glmnet_40979'
Adding problem 'rbv2_glmnet_22'
Adding problem 'rbv2_glmnet_1515'
Adding problem 'rbv2_glmnet_334'
Adding problem 'rbv2_glmnet_24'
Adding problem 'rbv2_glmnet_1486'
Adding problem 'rbv2_glmnet_23517'
Adding problem 'rbv2_glmnet_41278'
Adding problem 'rbv2_glmnet_1493'
Adding problem 'rbv2_glmnet_28'
Adding problem 'rbv2_glmnet_1487'
Adding problem 'rbv2_glmnet_1068'
Adding problem 'rbv2_glmnet_1050'
Adding problem 'rbv2_glmnet_1049'
Adding problem 'rbv2_glmnet_32'
Adding problem 'rbv2_glmnet_1489'
Adding problem 'rbv2_glmnet_470'
Adding problem 'rbv2_glmnet_1494'
Adding problem 'rbv2_glmnet_41161'
Adding problem 'rbv2_glmnet_182'
Adding problem 'rbv2_glmnet_312'
Adding problem 'rbv2_glmnet_40984'
Adding problem 'rbv2_glmnet_1501'
Adding problem 'rbv2_glmnet_40685'
Adding problem 'rbv2_glmnet_38'
Adding problem 'rbv2_glmnet_42'
Adding problem 'rbv2_glmnet_44'
Adding problem 'rbv2_glmnet_46'
Adding problem 'rbv2_glmnet_40982'
Adding problem 'rbv2_glmnet_1040'
Adding problem 'rbv2_glmnet_41146'
Adding problem 'rbv2_glmnet_377'
Adding problem 'rbv2_glmnet_40499'
Adding problem 'rbv2_glmnet_50'
Adding problem 'rbv2_glmnet_54'
Adding problem 'rbv2_glmnet_41216'
Adding problem 'rbv2_glmnet_41166'
Adding problem 'rbv2_glmnet_307'
Adding problem 'rbv2_glmnet_1497'
Adding problem 'rbv2_glmnet_60'
Adding problem 'rbv2_glmnet_1510'
Adding problem 'rbv2_glmnet_40983'
Adding problem 'rbv2_glmnet_40498'
Adding problem 'rbv2_glmnet_181'
Adding problem 'rbv2_glmnet_554'
Adding problem 'rbv2_xgboost_16'
Adding problem 'rbv2_xgboost_40923'
Adding problem 'rbv2_xgboost_41143'
Adding problem 'rbv2_xgboost_470'
Adding problem 'rbv2_xgboost_1487'
Adding problem 'rbv2_xgboost_40499'
Adding problem 'rbv2_xgboost_40966'
Adding problem 'rbv2_xgboost_41164'
Adding problem 'rbv2_xgboost_1497'
Adding problem 'rbv2_xgboost_40975'
Adding problem 'rbv2_xgboost_1461'
Adding problem 'rbv2_xgboost_41278'
Adding problem 'rbv2_xgboost_11'
Adding problem 'rbv2_xgboost_54'
Adding problem 'rbv2_xgboost_300'
Adding problem 'rbv2_xgboost_40984'
Adding problem 'rbv2_xgboost_31'
Adding problem 'rbv2_xgboost_1067'
Adding problem 'rbv2_xgboost_1590'
Adding problem 'rbv2_xgboost_40983'
Adding problem 'rbv2_xgboost_41163'
Adding problem 'rbv2_xgboost_41165'
Adding problem 'rbv2_xgboost_182'
Adding problem 'rbv2_xgboost_1220'
Adding problem 'rbv2_xgboost_41159'
Adding problem 'rbv2_xgboost_41169'
Adding problem 'rbv2_xgboost_42'
Adding problem 'rbv2_xgboost_188'
Adding problem 'rbv2_xgboost_1457'
Adding problem 'rbv2_xgboost_1480'
Adding problem 'rbv2_xgboost_6332'
Adding problem 'rbv2_xgboost_181'
Adding problem 'rbv2_xgboost_1479'
Adding problem 'rbv2_xgboost_40670'
Adding problem 'rbv2_xgboost_40536'
Adding problem 'rbv2_xgboost_41138'
Adding problem 'rbv2_xgboost_41166'
Adding problem 'rbv2_xgboost_6'
Adding problem 'rbv2_xgboost_14'
Adding problem 'rbv2_xgboost_29'
Adding problem 'rbv2_xgboost_458'
Adding problem 'rbv2_xgboost_1056'
Adding problem 'rbv2_xgboost_1462'
Adding problem 'rbv2_xgboost_1494'
Adding problem 'rbv2_xgboost_40701'
Adding problem 'rbv2_xgboost_12'
Adding problem 'rbv2_xgboost_1493'
Adding problem 'rbv2_xgboost_44'
Adding problem 'rbv2_xgboost_307'
Adding problem 'rbv2_xgboost_334'
Adding problem 'rbv2_xgboost_40982'
Adding problem 'rbv2_xgboost_41142'
Adding problem 'rbv2_xgboost_38'
Adding problem 'rbv2_xgboost_1050'
Adding problem 'rbv2_xgboost_469'
Adding problem 'rbv2_xgboost_23381'
Adding problem 'rbv2_xgboost_41157'
Adding problem 'rbv2_xgboost_15'
Adding problem 'rbv2_xgboost_4541'
Adding problem 'rbv2_xgboost_23'
Adding problem 'rbv2_xgboost_4134'
Adding problem 'rbv2_xgboost_40927'
Adding problem 'rbv2_xgboost_40981'
Adding problem 'rbv2_xgboost_41156'
Adding problem 'rbv2_xgboost_3'
Adding problem 'rbv2_xgboost_1049'
Adding problem 'rbv2_xgboost_40900'
Adding problem 'rbv2_xgboost_1063'
Adding problem 'rbv2_xgboost_23512'
Adding problem 'rbv2_xgboost_40979'
Adding problem 'rbv2_xgboost_1040'
Adding problem 'rbv2_xgboost_1068'
Adding problem 'rbv2_xgboost_41161'
Adding problem 'rbv2_xgboost_22'
Adding problem 'rbv2_xgboost_1489'
Adding problem 'rbv2_xgboost_41027'
Adding problem 'rbv2_xgboost_24'
Adding problem 'rbv2_xgboost_4135'
Adding problem 'rbv2_xgboost_23517'
Adding problem 'rbv2_xgboost_1053'
Adding problem 'rbv2_xgboost_1468'
Adding problem 'rbv2_xgboost_312'
Adding problem 'rbv2_xgboost_377'
Adding problem 'rbv2_xgboost_1515'
Adding problem 'rbv2_xgboost_18'
Adding problem 'rbv2_xgboost_1476'
Adding problem 'rbv2_xgboost_1510'
Adding problem 'rbv2_xgboost_41162'
Adding problem 'rbv2_xgboost_28'
Adding problem 'rbv2_xgboost_375'
Adding problem 'rbv2_xgboost_1464'
Adding problem 'rbv2_xgboost_40685'
Adding problem 'rbv2_xgboost_40996'
Adding problem 'rbv2_xgboost_41146'
Adding problem 'rbv2_xgboost_41216'
Adding problem 'rbv2_xgboost_40668'
Adding problem 'rbv2_xgboost_41212'
Adding problem 'rbv2_xgboost_32'
Adding problem 'rbv2_xgboost_60'
Adding problem 'rbv2_xgboost_4538'
Adding problem 'rbv2_xgboost_40496'
Adding problem 'rbv2_xgboost_41150'
Adding problem 'rbv2_xgboost_37'
Adding problem 'rbv2_xgboost_46'
Adding problem 'rbv2_xgboost_554'
Adding problem 'rbv2_xgboost_1475'
Adding problem 'rbv2_xgboost_1485'
Adding problem 'rbv2_xgboost_1501'
Adding problem 'rbv2_xgboost_1111'
Adding problem 'rbv2_xgboost_4534'
Adding problem 'rbv2_xgboost_41168'
Adding problem 'rbv2_xgboost_151'
Adding problem 'rbv2_xgboost_4154'
Adding problem 'rbv2_xgboost_40978'
Adding problem 'rbv2_xgboost_40994'
Adding problem 'rbv2_xgboost_50'
Adding problem 'rbv2_xgboost_1478'
Adding problem 'rbv2_xgboost_1486'
Adding problem 'rbv2_xgboost_40498'
Adding problem 'rbv2_aknn_41138'
Adding problem 'rbv2_aknn_40981'
Adding problem 'rbv2_aknn_4134'
Adding problem 'rbv2_aknn_40927'
Adding problem 'rbv2_aknn_1220'
Adding problem 'rbv2_aknn_4154'
Adding problem 'rbv2_aknn_41163'
Adding problem 'rbv2_aknn_40996'
Adding problem 'rbv2_aknn_4538'
Adding problem 'rbv2_aknn_40978'
Adding problem 'rbv2_aknn_375'
Adding problem 'rbv2_aknn_1111'
Adding problem 'rbv2_aknn_40496'
Adding problem 'rbv2_aknn_40966'
Adding problem 'rbv2_aknn_41150'
Adding problem 'rbv2_aknn_4534'
Adding problem 'rbv2_aknn_40900'
Adding problem 'rbv2_aknn_40536'
Adding problem 'rbv2_aknn_41156'
Adding problem 'rbv2_aknn_1590'
Adding problem 'rbv2_aknn_1457'
Adding problem 'rbv2_aknn_458'
Adding problem 'rbv2_aknn_469'
Adding problem 'rbv2_aknn_41157'
Adding problem 'rbv2_aknn_11'
Adding problem 'rbv2_aknn_1461'
Adding problem 'rbv2_aknn_1462'
Adding problem 'rbv2_aknn_1464'
Adding problem 'rbv2_aknn_15'
Adding problem 'rbv2_aknn_40975'
Adding problem 'rbv2_aknn_41142'
Adding problem 'rbv2_aknn_40701'
Adding problem 'rbv2_aknn_40994'
Adding problem 'rbv2_aknn_23'
Adding problem 'rbv2_aknn_1468'
Adding problem 'rbv2_aknn_40668'
Adding problem 'rbv2_aknn_29'
Adding problem 'rbv2_aknn_31'
Adding problem 'rbv2_aknn_6332'
Adding problem 'rbv2_aknn_37'
Adding problem 'rbv2_aknn_4541'
Adding problem 'rbv2_aknn_40670'
Adding problem 'rbv2_aknn_23381'
Adding problem 'rbv2_aknn_151'
Adding problem 'rbv2_aknn_188'
Adding problem 'rbv2_aknn_41164'
Adding problem 'rbv2_aknn_1475'
Adding problem 'rbv2_aknn_1476'
Adding problem 'rbv2_aknn_41159'
Adding problem 'rbv2_aknn_1478'
Adding problem 'rbv2_aknn_41169'
Adding problem 'rbv2_aknn_23512'
Adding problem 'rbv2_aknn_1479'
Adding problem 'rbv2_aknn_41212'
Adding problem 'rbv2_aknn_1480'
Adding problem 'rbv2_aknn_300'
Adding problem 'rbv2_aknn_41168'
Adding problem 'rbv2_aknn_41143'
Adding problem 'rbv2_aknn_1053'
Adding problem 'rbv2_aknn_41027'
Adding problem 'rbv2_aknn_1067'
Adding problem 'rbv2_aknn_1063'
Adding problem 'rbv2_aknn_41162'
Adding problem 'rbv2_aknn_3'
Adding problem 'rbv2_aknn_6'
Adding problem 'rbv2_aknn_1485'
Adding problem 'rbv2_aknn_1056'
Adding problem 'rbv2_aknn_12'
Adding problem 'rbv2_aknn_14'
Adding problem 'rbv2_aknn_16'
Adding problem 'rbv2_aknn_18'
Adding problem 'rbv2_aknn_40979'
Adding problem 'rbv2_aknn_22'
Adding problem 'rbv2_aknn_1515'
Adding problem 'rbv2_aknn_554'
Adding problem 'rbv2_aknn_334'
Adding problem 'rbv2_aknn_24'
Adding problem 'rbv2_aknn_1486'
Adding problem 'rbv2_aknn_23517'
Adding problem 'rbv2_aknn_41278'
Adding problem 'rbv2_aknn_1493'
Adding problem 'rbv2_aknn_28'
Adding problem 'rbv2_aknn_1487'
Adding problem 'rbv2_aknn_1068'
Adding problem 'rbv2_aknn_1050'
Adding problem 'rbv2_aknn_1049'
Adding problem 'rbv2_aknn_32'
Adding problem 'rbv2_aknn_1489'
Adding problem 'rbv2_aknn_470'
Adding problem 'rbv2_aknn_1494'
Adding problem 'rbv2_aknn_41161'
Adding problem 'rbv2_aknn_41165'
Adding problem 'rbv2_aknn_182'
Adding problem 'rbv2_aknn_312'
Adding problem 'rbv2_aknn_40984'
Adding problem 'rbv2_aknn_1501'
Adding problem 'rbv2_aknn_40685'
Adding problem 'rbv2_aknn_38'
Adding problem 'rbv2_aknn_42'
Adding problem 'rbv2_aknn_44'
Adding problem 'rbv2_aknn_46'
Adding problem 'rbv2_aknn_40982'
Adding problem 'rbv2_aknn_1040'
Adding problem 'rbv2_aknn_41146'
Adding problem 'rbv2_aknn_377'
Adding problem 'rbv2_aknn_40499'
Adding problem 'rbv2_aknn_50'
Adding problem 'rbv2_aknn_54'
Adding problem 'rbv2_aknn_41216'
Adding problem 'rbv2_aknn_41166'
Adding problem 'rbv2_aknn_307'
Adding problem 'rbv2_aknn_1497'
Adding problem 'rbv2_aknn_60'
Adding problem 'rbv2_aknn_1510'
Adding problem 'rbv2_aknn_40983'
Adding problem 'rbv2_aknn_40498'
Adding problem 'rbv2_aknn_181'
Adding problem 'rbv2_aknn_40923'
Adding problem 'rbv2_super_41138'
Adding problem 'rbv2_super_40981'
Adding problem 'rbv2_super_4134'
Adding problem 'rbv2_super_1220'
Adding problem 'rbv2_super_4154'
Adding problem 'rbv2_super_41163'
Adding problem 'rbv2_super_4538'
Adding problem 'rbv2_super_40978'
Adding problem 'rbv2_super_375'
Adding problem 'rbv2_super_1111'
Adding problem 'rbv2_super_40496'
Adding problem 'rbv2_super_40966'
Adding problem 'rbv2_super_4534'
Adding problem 'rbv2_super_40900'
Adding problem 'rbv2_super_40536'
Adding problem 'rbv2_super_41156'
Adding problem 'rbv2_super_1590'
Adding problem 'rbv2_super_1457'
Adding problem 'rbv2_super_458'
Adding problem 'rbv2_super_469'
Adding problem 'rbv2_super_41157'
Adding problem 'rbv2_super_11'
Adding problem 'rbv2_super_1461'
Adding problem 'rbv2_super_1462'
Adding problem 'rbv2_super_1464'
Adding problem 'rbv2_super_15'
Adding problem 'rbv2_super_40975'
Adding problem 'rbv2_super_41142'
Adding problem 'rbv2_super_40701'
Adding problem 'rbv2_super_40994'
Adding problem 'rbv2_super_23'
Adding problem 'rbv2_super_1468'
Adding problem 'rbv2_super_40668'
Adding problem 'rbv2_super_29'
Adding problem 'rbv2_super_31'
Adding problem 'rbv2_super_6332'
Adding problem 'rbv2_super_37'
Adding problem 'rbv2_super_40670'
Adding problem 'rbv2_super_23381'
Adding problem 'rbv2_super_151'
Adding problem 'rbv2_super_188'
Adding problem 'rbv2_super_41164'
Adding problem 'rbv2_super_1475'
Adding problem 'rbv2_super_1476'
Adding problem 'rbv2_super_1478'
Adding problem 'rbv2_super_41169'
Adding problem 'rbv2_super_1479'
Adding problem 'rbv2_super_41212'
Adding problem 'rbv2_super_1480'
Adding problem 'rbv2_super_300'
Adding problem 'rbv2_super_41143'
Adding problem 'rbv2_super_1053'
Adding problem 'rbv2_super_41027'
Adding problem 'rbv2_super_1067'
Adding problem 'rbv2_super_1063'
Adding problem 'rbv2_super_41162'
Adding problem 'rbv2_super_3'
Adding problem 'rbv2_super_6'
Adding problem 'rbv2_super_1485'
Adding problem 'rbv2_super_1056'
Adding problem 'rbv2_super_12'
Adding problem 'rbv2_super_14'
Adding problem 'rbv2_super_16'
Adding problem 'rbv2_super_18'
Adding problem 'rbv2_super_40979'
Adding problem 'rbv2_super_22'
Adding problem 'rbv2_super_1515'
Adding problem 'rbv2_super_334'
Adding problem 'rbv2_super_24'
Adding problem 'rbv2_super_1486'
Adding problem 'rbv2_super_1493'
Adding problem 'rbv2_super_28'
Adding problem 'rbv2_super_1487'
Adding problem 'rbv2_super_1068'
Adding problem 'rbv2_super_1050'
Adding problem 'rbv2_super_1049'
Adding problem 'rbv2_super_32'
Adding problem 'rbv2_super_1489'
Adding problem 'rbv2_super_470'
Adding problem 'rbv2_super_1494'
Adding problem 'rbv2_super_182'
Adding problem 'rbv2_super_312'
Adding problem 'rbv2_super_40984'
Adding problem 'rbv2_super_1501'
Adding problem 'rbv2_super_40685'
Adding problem 'rbv2_super_38'
Adding problem 'rbv2_super_42'
Adding problem 'rbv2_super_44'
Adding problem 'rbv2_super_46'
Adding problem 'rbv2_super_40982'
Adding problem 'rbv2_super_1040'
Adding problem 'rbv2_super_41146'
Adding problem 'rbv2_super_377'
Adding problem 'rbv2_super_40499'
Adding problem 'rbv2_super_50'
Adding problem 'rbv2_super_54'
Adding problem 'rbv2_super_307'
Adding problem 'rbv2_super_1497'
Adding problem 'rbv2_super_60'
Adding problem 'rbv2_super_1510'
Adding problem 'rbv2_super_40983'
Adding problem 'rbv2_super_40498'
Adding problem 'rbv2_super_181'
Adding problem 'lcbench_3945'
Adding problem 'lcbench_7593'
Adding problem 'lcbench_34539'
Adding problem 'lcbench_126025'
Adding problem 'lcbench_126026'
Adding problem 'lcbench_126029'
Adding problem 'lcbench_146212'
Adding problem 'lcbench_167104'
Adding problem 'lcbench_167149'
Adding problem 'lcbench_167152'
Adding problem 'lcbench_167161'
Adding problem 'lcbench_167168'
Adding problem 'lcbench_167181'
Adding problem 'lcbench_167184'
Adding problem 'lcbench_167185'
Adding problem 'lcbench_167190'
Adding problem 'lcbench_167200'
Adding problem 'lcbench_167201'
Adding problem 'lcbench_168329'
Adding problem 'lcbench_168330'
Adding problem 'lcbench_168331'
Adding problem 'lcbench_168335'
Adding problem 'lcbench_168868'
Adding problem 'lcbench_168908'
Adding problem 'lcbench_168910'
Adding problem 'lcbench_189354'
Adding problem 'lcbench_189862'
Adding problem 'lcbench_189865'
Adding problem 'lcbench_189866'
Adding problem 'lcbench_189873'
Adding problem 'lcbench_189905'
Adding problem 'lcbench_189906'
Adding problem 'lcbench_189908'
Adding problem 'lcbench_189909'
Adding algorithm 'focus_search'
Adding 30 experiments ('rbv2_svm_40981'[1] x 'focus_search'[1] x repls[30]) ...
Adding 30 experiments ('rbv2_svm_4134'[1] x 'focus_search'[1] x repls[30]) ...
Adding 30 experiments ('rbv2_svm_1220'[1] x 'focus_search'[1] x repls[30]) ...
Adding 30 experiments ('rbv2_svm_40978'[1] x 'focus_search'[1] x repls[30]) ...
Adding 30 experiments ('rbv2_svm_40966'[1] x 'focus_search'[1] x repls[30]) ...
Adding 30 experiments ('rbv2_svm_40536'[1] x 'focus_search'[1] x repls[30]) ...
Adding 30 experiments ('rbv2_svm_41156'[1] x 'focus_search'[1] x repls[30]) ...
Adding 30 experiments ('rbv2_svm_458'[1] x 'focus_search'[1] x repls[30]) ...
Adding 30 experiments ('rbv2_svm_41157'[1] x 'focus_search'[1] x repls[30]) ...
Adding 30 experiments ('rbv2_svm_40975'[1] x 'focus_search'[1] x repls[30]) ...
Adding 30 experiments ('rbv2_svm_40994'[1] x 'focus_search'[1] x repls[30]) ...
Adding 30 experiments ('rbv2_svm_1468'[1] x 'focus_search'[1] x repls[30]) ...
Adding 30 experiments ('rbv2_svm_6332'[1] x 'focus_search'[1] x repls[30]) ...
Adding 30 experiments ('rbv2_svm_40670'[1] x 'focus_search'[1] x repls[30]) ...
Adding 30 experiments ('rbv2_svm_151'[1] x 'focus_search'[1] x repls[30]) ...
Adding 30 experiments ('rbv2_svm_1475'[1] x 'focus_search'[1] x repls[30]) ...
Adding 30 experiments ('rbv2_svm_1476'[1] x 'focus_search'[1] x repls[30]) ...
Adding 30 experiments ('rbv2_svm_1478'[1] x 'focus_search'[1] x repls[30]) ...
Adding 30 experiments ('rbv2_svm_1479'[1] x 'focus_search'[1] x repls[30]) ...
Adding 30 experiments ('rbv2_svm_41212'[1] x 'focus_search'[1] x repls[30]) ...
Adding 30 experiments ('rbv2_svm_1480'[1] x 'focus_search'[1] x repls[30]) ...
Adding 30 experiments ('rbv2_svm_1053'[1] x 'focus_search'[1] x repls[30]) ...
Adding 30 experiments ('rbv2_svm_1067'[1] x 'focus_search'[1] x repls[30]) ...
Adding 30 experiments ('rbv2_svm_1056'[1] x 'focus_search'[1] x repls[30]) ...
Adding 30 experiments ('rbv2_svm_12'[1] x 'focus_search'[1] x repls[30]) ...
Adding 30 experiments ('rbv2_svm_1487'[1] x 'focus_search'[1] x repls[30]) ...
Adding 30 experiments ('rbv2_svm_1068'[1] x 'focus_search'[1] x repls[30]) ...
Adding 30 experiments ('rbv2_svm_32'[1] x 'focus_search'[1] x repls[30]) ...
Adding 30 experiments ('rbv2_svm_470'[1] x 'focus_search'[1] x repls[30]) ...
Adding 30 experiments ('rbv2_svm_312'[1] x 'focus_search'[1] x repls[30]) ...
Adding 30 experiments ('rbv2_svm_38'[1] x 'focus_search'[1] x repls[30]) ...
Adding 30 experiments ('rbv2_svm_40982'[1] x 'focus_search'[1] x repls[30]) ...
Adding 30 experiments ('rbv2_svm_50'[1] x 'focus_search'[1] x repls[30]) ...
Adding 30 experiments ('rbv2_svm_41216'[1] x 'focus_search'[1] x repls[30]) ...
Adding 30 experiments ('rbv2_svm_307'[1] x 'focus_search'[1] x repls[30]) ...
Adding 30 experiments ('rbv2_svm_40498'[1] x 'focus_search'[1] x repls[30]) ...
Adding 30 experiments ('rbv2_svm_181'[1] x 'focus_search'[1] x repls[30]) ...
Adding 30 experiments ('rbv2_svm_1464'[1] x 'focus_search'[1] x repls[30]) ...
Adding 30 experiments ('rbv2_svm_41164'[1] x 'focus_search'[1] x repls[30]) ...
Adding 30 experiments ('rbv2_svm_16'[1] x 'focus_search'[1] x repls[30]) ...
Adding 30 experiments ('rbv2_svm_1461'[1] x 'focus_search'[1] x repls[30]) ...
Adding 30 experiments ('rbv2_svm_41162'[1] x 'focus_search'[1] x repls[30]) ...
Adding 30 experiments ('rbv2_svm_6'[1] x 'focus_search'[1] x repls[30]) ...
Adding 30 experiments ('rbv2_svm_14'[1] x 'focus_search'[1] x repls[30]) ...
Adding 30 experiments ('rbv2_svm_1494'[1] x 'focus_search'[1] x repls[30]) ...
Adding 30 experiments ('rbv2_svm_54'[1] x 'focus_search'[1] x repls[30]) ...
Adding 30 experiments ('rbv2_svm_375'[1] x 'focus_search'[1] x repls[30]) ...
Adding 30 experiments ('rbv2_svm_1590'[1] x 'focus_search'[1] x repls[30]) ...
Adding 30 experiments ('rbv2_svm_23'[1] x 'focus_search'[1] x repls[30]) ...
Adding 30 experiments ('rbv2_svm_41163'[1] x 'focus_search'[1] x repls[30]) ...
Adding 30 experiments ('rbv2_svm_1111'[1] x 'focus_search'[1] x repls[30]) ...
Adding 30 experiments ('rbv2_svm_41027'[1] x 'focus_search'[1] x repls[30]) ...
Adding 30 experiments ('rbv2_svm_40668'[1] x 'focus_search'[1] x repls[30]) ...
Adding 30 experiments ('rbv2_svm_41138'[1] x 'focus_search'[1] x repls[30]) ...
Adding 30 experiments ('rbv2_svm_4135'[1] x 'focus_search'[1] x repls[30]) ...
Adding 30 experiments ('rbv2_svm_4538'[1] x 'focus_search'[1] x repls[30]) ...
Adding 30 experiments ('rbv2_svm_40496'[1] x 'focus_search'[1] x repls[30]) ...
Adding 30 experiments ('rbv2_svm_4534'[1] x 'focus_search'[1] x repls[30]) ...
Adding 30 experiments ('rbv2_svm_40900'[1] x 'focus_search'[1] x repls[30]) ...
Adding 30 experiments ('rbv2_svm_1457'[1] x 'focus_search'[1] x repls[30]) ...
Adding 30 experiments ('rbv2_svm_11'[1] x 'focus_search'[1] x repls[30]) ...
Adding 30 experiments ('rbv2_svm_1462'[1] x 'focus_search'[1] x repls[30]) ...
Adding 30 experiments ('rbv2_svm_41142'[1] x 'focus_search'[1] x repls[30]) ...
Adding 30 experiments ('rbv2_svm_40701'[1] x 'focus_search'[1] x repls[30]) ...
Adding 30 experiments ('rbv2_svm_29'[1] x 'focus_search'[1] x repls[30]) ...
Adding 30 experiments ('rbv2_svm_37'[1] x 'focus_search'[1] x repls[30]) ...
Adding 30 experiments ('rbv2_svm_23381'[1] x 'focus_search'[1] x repls[30]) ...
Adding 30 experiments ('rbv2_svm_188'[1] x 'focus_search'[1] x repls[30]) ...
Adding 30 experiments ('rbv2_svm_41143'[1] x 'focus_search'[1] x repls[30]) ...
Adding 30 experiments ('rbv2_svm_1063'[1] x 'focus_search'[1] x repls[30]) ...
Adding 30 experiments ('rbv2_svm_3'[1] x 'focus_search'[1] x repls[30]) ...
Adding 30 experiments ('rbv2_svm_18'[1] x 'focus_search'[1] x repls[30]) ...
Adding 30 experiments ('rbv2_svm_40979'[1] x 'focus_search'[1] x repls[30]) ...
Adding 30 experiments ('rbv2_svm_22'[1] x 'focus_search'[1] x repls[30]) ...
Adding 30 experiments ('rbv2_svm_1515'[1] x 'focus_search'[1] x repls[30]) ...
Adding 30 experiments ('rbv2_svm_334'[1] x 'focus_search'[1] x repls[30]) ...
Adding 30 experiments ('rbv2_svm_24'[1] x 'focus_search'[1] x repls[30]) ...
Adding 30 experiments ('rbv2_svm_1493'[1] x 'focus_search'[1] x repls[30]) ...
Adding 30 experiments ('rbv2_svm_28'[1] x 'focus_search'[1] x repls[30]) ...
Adding 30 experiments ('rbv2_svm_1050'[1] x 'focus_search'[1] x repls[30]) ...
Adding 30 experiments ('rbv2_svm_1049'[1] x 'focus_search'[1] x repls[30]) ...
Adding 30 experiments ('rbv2_svm_40984'[1] x 'focus_search'[1] x repls[30]) ...
Adding 30 experiments ('rbv2_svm_40685'[1] x 'focus_search'[1] x repls[30]) ...
Adding 30 experiments ('rbv2_svm_42'[1] x 'focus_search'[1] x repls[30]) ...
Adding 30 experiments ('rbv2_svm_44'[1] x 'focus_search'[1] x repls[30]) ...
Adding 30 experiments ('rbv2_svm_46'[1] x 'focus_search'[1] x repls[30]) ...
Adding 30 experiments ('rbv2_svm_1040'[1] x 'focus_search'[1] x repls[30]) ...
Adding 30 experiments ('rbv2_svm_41146'[1] x 'focus_search'[1] x repls[30]) ...
Adding 30 experiments ('rbv2_svm_377'[1] x 'focus_search'[1] x repls[30]) ...
Adding 30 experiments ('rbv2_svm_40499'[1] x 'focus_search'[1] x repls[30]) ...
Adding 30 experiments ('rbv2_svm_1497'[1] x 'focus_search'[1] x repls[30]) ...
Adding 30 experiments ('rbv2_svm_60'[1] x 'focus_search'[1] x repls[30]) ...
Adding 30 experiments ('rbv2_svm_40983'[1] x 'focus_search'[1] x repls[30]) ...
Adding 30 experiments ('rbv2_svm_4154'[1] x 'focus_search'[1] x repls[30]) ...
Adding 30 experiments ('rbv2_svm_469'[1] x 'focus_search'[1] x repls[30]) ...
Adding 30 experiments ('rbv2_svm_31'[1] x 'focus_search'[1] x repls[30]) ...
Adding 30 experiments ('rbv2_svm_41278'[1] x 'focus_search'[1] x repls[30]) ...
Adding 30 experiments ('rbv2_svm_1489'[1] x 'focus_search'[1] x repls[30]) ...
Adding 30 experiments ('rbv2_svm_1501'[1] x 'focus_search'[1] x repls[30]) ...
Adding 30 experiments ('rbv2_svm_15'[1] x 'focus_search'[1] x repls[30]) ...
Adding 30 experiments ('rbv2_svm_300'[1] x 'focus_search'[1] x repls[30]) ...
Adding 30 experiments ('rbv2_svm_1485'[1] x 'focus_search'[1] x repls[30]) ...
Adding 30 experiments ('rbv2_svm_1486'[1] x 'focus_search'[1] x repls[30]) ...
Adding 30 experiments ('rbv2_svm_1510'[1] x 'focus_search'[1] x repls[30]) ...
Adding 30 experiments ('rbv2_svm_182'[1] x 'focus_search'[1] x repls[30]) ...
Adding 30 experiments ('rbv2_svm_41169'[1] x 'focus_search'[1] x repls[30]) ...
Adding 30 experiments ('rbv2_ranger_4135'[1] x 'focus_search'[1] x repls[30]) ...
Adding 30 experiments ('rbv2_ranger_40981'[1] x 'focus_search'[1] x repls[30]) ...
Adding 30 experiments ('rbv2_ranger_4134'[1] x 'focus_search'[1] x repls[30]) ...
Adding 30 experiments ('rbv2_ranger_1220'[1] x 'focus_search'[1] x repls[30]) ...
Adding 30 experiments ('rbv2_ranger_4154'[1] x 'focus_search'[1] x repls[30]) ...
Adding 30 experiments ('rbv2_ranger_4538'[1] x 'focus_search'[1] x repls[30]) ...
Adding 30 experiments ('rbv2_ranger_40978'[1] x 'focus_search'[1] x repls[30]) ...
Adding 30 experiments ('rbv2_ranger_375'[1] x 'focus_search'[1] x repls[30]) ...
Adding 30 experiments ('rbv2_ranger_40496'[1] x 'focus_search'[1] x repls[30]) ...
Adding 30 experiments ('rbv2_ranger_40966'[1] x 'focus_search'[1] x repls[30]) ...
Adding 30 experiments ('rbv2_ranger_4534'[1] x 'focus_search'[1] x repls[30]) ...
Adding 30 experiments ('rbv2_ranger_40900'[1] x 'focus_search'[1] x repls[30]) ...
Adding 30 experiments ('rbv2_ranger_40536'[1] x 'focus_search'[1] x repls[30]) ...
Adding 30 experiments ('rbv2_ranger_41156'[1] x 'focus_search'[1] x repls[30]) ...
Adding 30 experiments ('rbv2_ranger_1590'[1] x 'focus_search'[1] x repls[30]) ...
Adding 30 experiments ('rbv2_ranger_1457'[1] x 'focus_search'[1] x repls[30]) ...
Adding 30 experiments ('rbv2_ranger_458'[1] x 'focus_search'[1] x repls[30]) ...
Adding 30 experiments ('rbv2_ranger_469'[1] x 'focus_search'[1] x repls[30]) ...
Adding 30 experiments ('rbv2_ranger_41157'[1] x 'focus_search'[1] x repls[30]) ...
Adding 30 experiments ('rbv2_ranger_11'[1] x 'focus_search'[1] x repls[30]) ...
Adding 30 experiments ('rbv2_ranger_1461'[1] x 'focus_search'[1] x repls[30]) ...
Adding 30 experiments ('rbv2_ranger_1462'[1] x 'focus_search'[1] x repls[30]) ...
Adding 30 experiments ('rbv2_ranger_1464'[1] x 'focus_search'[1] x repls[30]) ...
Adding 30 experiments ('rbv2_ranger_15'[1] x 'focus_search'[1] x repls[30]) ...
Adding 30 experiments ('rbv2_ranger_40975'[1] x 'focus_search'[1] x repls[30]) ...
Adding 30 experiments ('rbv2_ranger_41142'[1] x 'focus_search'[1] x repls[30]) ...
Adding 30 experiments ('rbv2_ranger_40701'[1] x 'focus_search'[1] x repls[30]) ...
Adding 30 experiments ('rbv2_ranger_40994'[1] x 'focus_search'[1] x repls[30]) ...
Adding 30 experiments ('rbv2_ranger_23'[1] x 'focus_search'[1] x repls[30]) ...
Adding 30 experiments ('rbv2_ranger_1468'[1] x 'focus_search'[1] x repls[30]) ...
Adding 30 experiments ('rbv2_ranger_40668'[1] x 'focus_search'[1] x repls[30]) ...
Adding 30 experiments ('rbv2_ranger_29'[1] x 'focus_search'[1] x repls[30]) ...
Adding 30 experiments ('rbv2_ranger_31'[1] x 'focus_search'[1] x repls[30]) ...
Adding 30 experiments ('rbv2_ranger_6332'[1] x 'focus_search'[1] x repls[30]) ...
Adding 30 experiments ('rbv2_ranger_37'[1] x 'focus_search'[1] x repls[30]) ...
Adding 30 experiments ('rbv2_ranger_40670'[1] x 'focus_search'[1] x repls[30]) ...
Adding 30 experiments ('rbv2_ranger_23381'[1] x 'focus_search'[1] x repls[30]) ...
Adding 30 experiments ('rbv2_ranger_151'[1] x 'focus_search'[1] x repls[30]) ...
Adding 30 experiments ('rbv2_ranger_188'[1] x 'focus_search'[1] x repls[30]) ...
Adding 30 experiments ('rbv2_ranger_41164'[1] x 'focus_search'[1] x repls[30]) ...
Adding 30 experiments ('rbv2_ranger_1475'[1] x 'focus_search'[1] x repls[30]) ...
Adding 30 experiments ('rbv2_ranger_1476'[1] x 'focus_search'[1] x repls[30]) ...
Adding 30 experiments ('rbv2_ranger_1478'[1] x 'focus_search'[1] x repls[30]) ...
Adding 30 experiments ('rbv2_ranger_1479'[1] x 'focus_search'[1] x repls[30]) ...
Adding 30 experiments ('rbv2_ranger_41212'[1] x 'focus_search'[1] x repls[30]) ...
Adding 30 experiments ('rbv2_ranger_1480'[1] x 'focus_search'[1] x repls[30]) ...
Adding 30 experiments ('rbv2_ranger_41143'[1] x 'focus_search'[1] x repls[30]) ...
Adding 30 experiments ('rbv2_ranger_1053'[1] x 'focus_search'[1] x repls[30]) ...
Adding 30 experiments ('rbv2_ranger_41027'[1] x 'focus_search'[1] x repls[30]) ...
Adding 30 experiments ('rbv2_ranger_1067'[1] x 'focus_search'[1] x repls[30]) ...
Adding 30 experiments ('rbv2_ranger_1063'[1] x 'focus_search'[1] x repls[30]) ...
Adding 30 experiments ('rbv2_ranger_3'[1] x 'focus_search'[1] x repls[30]) ...
Adding 30 experiments ('rbv2_ranger_6'[1] x 'focus_search'[1] x repls[30]) ...
Adding 30 experiments ('rbv2_ranger_1485'[1] x 'focus_search'[1] x repls[30]) ...
Adding 30 experiments ('rbv2_ranger_1056'[1] x 'focus_search'[1] x repls[30]) ...
Adding 30 experiments ('rbv2_ranger_12'[1] x 'focus_search'[1] x repls[30]) ...
Adding 30 experiments ('rbv2_ranger_14'[1] x 'focus_search'[1] x repls[30]) ...
Adding 30 experiments ('rbv2_ranger_16'[1] x 'focus_search'[1] x repls[30]) ...
Adding 30 experiments ('rbv2_ranger_18'[1] x 'focus_search'[1] x repls[30]) ...
Adding 30 experiments ('rbv2_ranger_40979'[1] x 'focus_search'[1] x repls[30]) ...
Adding 30 experiments ('rbv2_ranger_22'[1] x 'focus_search'[1] x repls[30]) ...
Adding 30 experiments ('rbv2_ranger_1515'[1] x 'focus_search'[1] x repls[30]) ...
Adding 30 experiments ('rbv2_ranger_334'[1] x 'focus_search'[1] x repls[30]) ...
Adding 30 experiments ('rbv2_ranger_24'[1] x 'focus_search'[1] x repls[30]) ...
Adding 30 experiments ('rbv2_ranger_1486'[1] x 'focus_search'[1] x repls[30]) ...
Adding 30 experiments ('rbv2_ranger_41278'[1] x 'focus_search'[1] x repls[30]) ...
Adding 30 experiments ('rbv2_ranger_28'[1] x 'focus_search'[1] x repls[30]) ...
Adding 30 experiments ('rbv2_ranger_1487'[1] x 'focus_search'[1] x repls[30]) ...
Adding 30 experiments ('rbv2_ranger_1068'[1] x 'focus_search'[1] x repls[30]) ...
Adding 30 experiments ('rbv2_ranger_1050'[1] x 'focus_search'[1] x repls[30]) ...
Adding 30 experiments ('rbv2_ranger_1049'[1] x 'focus_search'[1] x repls[30]) ...
Adding 30 experiments ('rbv2_ranger_32'[1] x 'focus_search'[1] x repls[30]) ...
Adding 30 experiments ('rbv2_ranger_1489'[1] x 'focus_search'[1] x repls[30]) ...
Adding 30 experiments ('rbv2_ranger_470'[1] x 'focus_search'[1] x repls[30]) ...
Adding 30 experiments ('rbv2_ranger_1494'[1] x 'focus_search'[1] x repls[30]) ...
Adding 30 experiments ('rbv2_ranger_182'[1] x 'focus_search'[1] x repls[30]) ...
Adding 30 experiments ('rbv2_ranger_312'[1] x 'focus_search'[1] x repls[30]) ...
Adding 30 experiments ('rbv2_ranger_40984'[1] x 'focus_search'[1] x repls[30]) ...
Adding 30 experiments ('rbv2_ranger_1501'[1] x 'focus_search'[1] x repls[30]) ...
Adding 30 experiments ('rbv2_ranger_40685'[1] x 'focus_search'[1] x repls[30]) ...
Adding 30 experiments ('rbv2_ranger_38'[1] x 'focus_search'[1] x repls[30]) ...
Adding 30 experiments ('rbv2_ranger_42'[1] x 'focus_search'[1] x repls[30]) ...
Adding 30 experiments ('rbv2_ranger_44'[1] x 'focus_search'[1] x repls[30]) ...
Adding 30 experiments ('rbv2_ranger_46'[1] x 'focus_search'[1] x repls[30]) ...
Adding 30 experiments ('rbv2_ranger_40982'[1] x 'focus_search'[1] x repls[30]) ...
Adding 30 experiments ('rbv2_ranger_1040'[1] x 'focus_search'[1] x repls[30]) ...
Adding 30 experiments ('rbv2_ranger_41146'[1] x 'focus_search'[1] x repls[30]) ...
Adding 30 experiments ('rbv2_ranger_377'[1] x 'focus_search'[1] x repls[30]) ...
Adding 30 experiments ('rbv2_ranger_40499'[1] x 'focus_search'[1] x repls[30]) ...
Adding 30 experiments ('rbv2_ranger_50'[1] x 'focus_search'[1] x repls[30]) ...
Adding 30 experiments ('rbv2_ranger_54'[1] x 'focus_search'[1] x repls[30]) ...
Adding 30 experiments ('rbv2_ranger_41216'[1] x 'focus_search'[1] x repls[30]) ...
Adding 30 experiments ('rbv2_ranger_307'[1] x 'focus_search'[1] x repls[30]) ...
Adding 30 experiments ('rbv2_ranger_1497'[1] x 'focus_search'[1] x repls[30]) ...
Adding 30 experiments ('rbv2_ranger_60'[1] x 'focus_search'[1] x repls[30]) ...
Adding 30 experiments ('rbv2_ranger_1510'[1] x 'focus_search'[1] x repls[30]) ...
Adding 30 experiments ('rbv2_ranger_40983'[1] x 'focus_search'[1] x repls[30]) ...
Adding 30 experiments ('rbv2_ranger_40498'[1] x 'focus_search'[1] x repls[30]) ...
Adding 30 experiments ('rbv2_ranger_181'[1] x 'focus_search'[1] x repls[30]) ...
Adding 30 experiments ('rbv2_ranger_41138'[1] x 'focus_search'[1] x repls[30]) ...
Adding 30 experiments ('rbv2_ranger_41163'[1] x 'focus_search'[1] x repls[30]) ...
Adding 30 experiments ('rbv2_ranger_1111'[1] x 'focus_search'[1] x repls[30]) ...
Adding 30 experiments ('rbv2_ranger_41159'[1] x 'focus_search'[1] x repls[30]) ...
Adding 30 experiments ('rbv2_ranger_300'[1] x 'focus_search'[1] x repls[30]) ...
Adding 30 experiments ('rbv2_ranger_41162'[1] x 'focus_search'[1] x repls[30]) ...
Adding 30 experiments ('rbv2_ranger_23517'[1] x 'focus_search'[1] x repls[30]) ...
Adding 30 experiments ('rbv2_ranger_41165'[1] x 'focus_search'[1] x repls[30]) ...
Adding 30 experiments ('rbv2_ranger_4541'[1] x 'focus_search'[1] x repls[30]) ...
Adding 30 experiments ('rbv2_ranger_41161'[1] x 'focus_search'[1] x repls[30]) ...
Adding 30 experiments ('rbv2_ranger_41166'[1] x 'focus_search'[1] x repls[30]) ...
Adding 30 experiments ('rbv2_ranger_40927'[1] x 'focus_search'[1] x repls[30]) ...
Adding 30 experiments ('rbv2_ranger_41150'[1] x 'focus_search'[1] x repls[30]) ...
Adding 30 experiments ('rbv2_ranger_23512'[1] x 'focus_search'[1] x repls[30]) ...
Adding 30 experiments ('rbv2_ranger_41168'[1] x 'focus_search'[1] x repls[30]) ...
Adding 30 experiments ('rbv2_ranger_1493'[1] x 'focus_search'[1] x repls[30]) ...
Adding 30 experiments ('rbv2_ranger_40996'[1] x 'focus_search'[1] x repls[30]) ...
Adding 30 experiments ('rbv2_ranger_554'[1] x 'focus_search'[1] x repls[30]) ...
Adding 30 experiments ('rbv2_ranger_40923'[1] x 'focus_search'[1] x repls[30]) ...
Adding 30 experiments ('rbv2_ranger_41169'[1] x 'focus_search'[1] x repls[30]) ...
Adding 30 experiments ('rbv2_rpart_41138'[1] x 'focus_search'[1] x repls[30]) ...
Adding 30 experiments ('rbv2_rpart_4135'[1] x 'focus_search'[1] x repls[30]) ...
Adding 30 experiments ('rbv2_rpart_40981'[1] x 'focus_search'[1] x repls[30]) ...
Adding 30 experiments ('rbv2_rpart_4134'[1] x 'focus_search'[1] x repls[30]) ...
Adding 30 experiments ('rbv2_rpart_40927'[1] x 'focus_search'[1] x repls[30]) ...
Adding 30 experiments ('rbv2_rpart_1220'[1] x 'focus_search'[1] x repls[30]) ...
Adding 30 experiments ('rbv2_rpart_4154'[1] x 'focus_search'[1] x repls[30]) ...
Adding 30 experiments ('rbv2_rpart_40923'[1] x 'focus_search'[1] x repls[30]) ...
Adding 30 experiments ('rbv2_rpart_41163'[1] x 'focus_search'[1] x repls[30]) ...
Adding 30 experiments ('rbv2_rpart_40996'[1] x 'focus_search'[1] x repls[30]) ...
Adding 30 experiments ('rbv2_rpart_4538'[1] x 'focus_search'[1] x repls[30]) ...
Adding 30 experiments ('rbv2_rpart_40978'[1] x 'focus_search'[1] x repls[30]) ...
Adding 30 experiments ('rbv2_rpart_375'[1] x 'focus_search'[1] x repls[30]) ...
Adding 30 experiments ('rbv2_rpart_1111'[1] x 'focus_search'[1] x repls[30]) ...
Adding 30 experiments ('rbv2_rpart_40496'[1] x 'focus_search'[1] x repls[30]) ...
Adding 30 experiments ('rbv2_rpart_40966'[1] x 'focus_search'[1] x repls[30]) ...
Adding 30 experiments ('rbv2_rpart_41150'[1] x 'focus_search'[1] x repls[30]) ...
Adding 30 experiments ('rbv2_rpart_4534'[1] x 'focus_search'[1] x repls[30]) ...
Adding 30 experiments ('rbv2_rpart_40900'[1] x 'focus_search'[1] x repls[30]) ...
Adding 30 experiments ('rbv2_rpart_40536'[1] x 'focus_search'[1] x repls[30]) ...
Adding 30 experiments ('rbv2_rpart_41156'[1] x 'focus_search'[1] x repls[30]) ...
Adding 30 experiments ('rbv2_rpart_1590'[1] x 'focus_search'[1] x repls[30]) ...
Adding 30 experiments ('rbv2_rpart_1457'[1] x 'focus_search'[1] x repls[30]) ...
Adding 30 experiments ('rbv2_rpart_458'[1] x 'focus_search'[1] x repls[30]) ...
Adding 30 experiments ('rbv2_rpart_469'[1] x 'focus_search'[1] x repls[30]) ...
Adding 30 experiments ('rbv2_rpart_41157'[1] x 'focus_search'[1] x repls[30]) ...
Adding 30 experiments ('rbv2_rpart_11'[1] x 'focus_search'[1] x repls[30]) ...
Adding 30 experiments ('rbv2_rpart_1461'[1] x 'focus_search'[1] x repls[30]) ...
Adding 30 experiments ('rbv2_rpart_1462'[1] x 'focus_search'[1] x repls[30]) ...
Adding 30 experiments ('rbv2_rpart_1464'[1] x 'focus_search'[1] x repls[30]) ...
Adding 30 experiments ('rbv2_rpart_15'[1] x 'focus_search'[1] x repls[30]) ...
Adding 30 experiments ('rbv2_rpart_40975'[1] x 'focus_search'[1] x repls[30]) ...
Adding 30 experiments ('rbv2_rpart_41142'[1] x 'focus_search'[1] x repls[30]) ...
Adding 30 experiments ('rbv2_rpart_40701'[1] x 'focus_search'[1] x repls[30]) ...
Adding 30 experiments ('rbv2_rpart_40994'[1] x 'focus_search'[1] x repls[30]) ...
Adding 30 experiments ('rbv2_rpart_23'[1] x 'focus_search'[1] x repls[30]) ...
Adding 30 experiments ('rbv2_rpart_1468'[1] x 'focus_search'[1] x repls[30]) ...
Adding 30 experiments ('rbv2_rpart_40668'[1] x 'focus_search'[1] x repls[30]) ...
Adding 30 experiments ('rbv2_rpart_29'[1] x 'focus_search'[1] x repls[30]) ...
Adding 30 experiments ('rbv2_rpart_31'[1] x 'focus_search'[1] x repls[30]) ...
Adding 30 experiments ('rbv2_rpart_6332'[1] x 'focus_search'[1] x repls[30]) ...
Adding 30 experiments ('rbv2_rpart_37'[1] x 'focus_search'[1] x repls[30]) ...
Adding 30 experiments ('rbv2_rpart_4541'[1] x 'focus_search'[1] x repls[30]) ...
Adding 30 experiments ('rbv2_rpart_40670'[1] x 'focus_search'[1] x repls[30]) ...
Adding 30 experiments ('rbv2_rpart_23381'[1] x 'focus_search'[1] x repls[30]) ...
Adding 30 experiments ('rbv2_rpart_151'[1] x 'focus_search'[1] x repls[30]) ...
Adding 30 experiments ('rbv2_rpart_188'[1] x 'focus_search'[1] x repls[30]) ...
Adding 30 experiments ('rbv2_rpart_41164'[1] x 'focus_search'[1] x repls[30]) ...
Adding 30 experiments ('rbv2_rpart_1475'[1] x 'focus_search'[1] x repls[30]) ...
Adding 30 experiments ('rbv2_rpart_1476'[1] x 'focus_search'[1] x repls[30]) ...
Adding 30 experiments ('rbv2_rpart_41159'[1] x 'focus_search'[1] x repls[30]) ...
Adding 30 experiments ('rbv2_rpart_1478'[1] x 'focus_search'[1] x repls[30]) ...
Adding 30 experiments ('rbv2_rpart_41169'[1] x 'focus_search'[1] x repls[30]) ...
Adding 30 experiments ('rbv2_rpart_23512'[1] x 'focus_search'[1] x repls[30]) ...
Adding 30 experiments ('rbv2_rpart_1479'[1] x 'focus_search'[1] x repls[30]) ...
Adding 30 experiments ('rbv2_rpart_41212'[1] x 'focus_search'[1] x repls[30]) ...
Adding 30 experiments ('rbv2_rpart_1480'[1] x 'focus_search'[1] x repls[30]) ...
Adding 30 experiments ('rbv2_rpart_300'[1] x 'focus_search'[1] x repls[30]) ...
Adding 30 experiments ('rbv2_rpart_41168'[1] x 'focus_search'[1] x repls[30]) ...
Adding 30 experiments ('rbv2_rpart_41143'[1] x 'focus_search'[1] x repls[30]) ...
Adding 30 experiments ('rbv2_rpart_1053'[1] x 'focus_search'[1] x repls[30]) ...
Adding 30 experiments ('rbv2_rpart_41027'[1] x 'focus_search'[1] x repls[30]) ...
Adding 30 experiments ('rbv2_rpart_1067'[1] x 'focus_search'[1] x repls[30]) ...
Adding 30 experiments ('rbv2_rpart_1063'[1] x 'focus_search'[1] x repls[30]) ...
Adding 30 experiments ('rbv2_rpart_41162'[1] x 'focus_search'[1] x repls[30]) ...
Adding 30 experiments ('rbv2_rpart_3'[1] x 'focus_search'[1] x repls[30]) ...
Adding 30 experiments ('rbv2_rpart_6'[1] x 'focus_search'[1] x repls[30]) ...
Adding 30 experiments ('rbv2_rpart_1485'[1] x 'focus_search'[1] x repls[30]) ...
Adding 30 experiments ('rbv2_rpart_1056'[1] x 'focus_search'[1] x repls[30]) ...
Adding 30 experiments ('rbv2_rpart_12'[1] x 'focus_search'[1] x repls[30]) ...
Adding 30 experiments ('rbv2_rpart_14'[1] x 'focus_search'[1] x repls[30]) ...
Adding 30 experiments ('rbv2_rpart_16'[1] x 'focus_search'[1] x repls[30]) ...
Adding 30 experiments ('rbv2_rpart_18'[1] x 'focus_search'[1] x repls[30]) ...
Adding 30 experiments ('rbv2_rpart_40979'[1] x 'focus_search'[1] x repls[30]) ...
Adding 30 experiments ('rbv2_rpart_22'[1] x 'focus_search'[1] x repls[30]) ...
Adding 30 experiments ('rbv2_rpart_1515'[1] x 'focus_search'[1] x repls[30]) ...
Adding 30 experiments ('rbv2_rpart_554'[1] x 'focus_search'[1] x repls[30]) ...
Adding 30 experiments ('rbv2_rpart_334'[1] x 'focus_search'[1] x repls[30]) ...
Adding 30 experiments ('rbv2_rpart_24'[1] x 'focus_search'[1] x repls[30]) ...
Adding 30 experiments ('rbv2_rpart_1486'[1] x 'focus_search'[1] x repls[30]) ...
Adding 30 experiments ('rbv2_rpart_23517'[1] x 'focus_search'[1] x repls[30]) ...
Adding 30 experiments ('rbv2_rpart_1493'[1] x 'focus_search'[1] x repls[30]) ...
Adding 30 experiments ('rbv2_rpart_28'[1] x 'focus_search'[1] x repls[30]) ...
Adding 30 experiments ('rbv2_rpart_1487'[1] x 'focus_search'[1] x repls[30]) ...
Adding 30 experiments ('rbv2_rpart_1068'[1] x 'focus_search'[1] x repls[30]) ...
Adding 30 experiments ('rbv2_rpart_1050'[1] x 'focus_search'[1] x repls[30]) ...
Adding 30 experiments ('rbv2_rpart_1049'[1] x 'focus_search'[1] x repls[30]) ...
Adding 30 experiments ('rbv2_rpart_32'[1] x 'focus_search'[1] x repls[30]) ...
Adding 30 experiments ('rbv2_rpart_1489'[1] x 'focus_search'[1] x repls[30]) ...
Adding 30 experiments ('rbv2_rpart_470'[1] x 'focus_search'[1] x repls[30]) ...
Adding 30 experiments ('rbv2_rpart_1494'[1] x 'focus_search'[1] x repls[30]) ...
Adding 30 experiments ('rbv2_rpart_41161'[1] x 'focus_search'[1] x repls[30]) ...
Adding 30 experiments ('rbv2_rpart_41165'[1] x 'focus_search'[1] x repls[30]) ...
Adding 30 experiments ('rbv2_rpart_182'[1] x 'focus_search'[1] x repls[30]) ...
Adding 30 experiments ('rbv2_rpart_312'[1] x 'focus_search'[1] x repls[30]) ...
Adding 30 experiments ('rbv2_rpart_40984'[1] x 'focus_search'[1] x repls[30]) ...
Adding 30 experiments ('rbv2_rpart_1501'[1] x 'focus_search'[1] x repls[30]) ...
Adding 30 experiments ('rbv2_rpart_40685'[1] x 'focus_search'[1] x repls[30]) ...
Adding 30 experiments ('rbv2_rpart_38'[1] x 'focus_search'[1] x repls[30]) ...
Adding 30 experiments ('rbv2_rpart_42'[1] x 'focus_search'[1] x repls[30]) ...
Adding 30 experiments ('rbv2_rpart_44'[1] x 'focus_search'[1] x repls[30]) ...
Adding 30 experiments ('rbv2_rpart_46'[1] x 'focus_search'[1] x repls[30]) ...
Adding 30 experiments ('rbv2_rpart_40982'[1] x 'focus_search'[1] x repls[30]) ...
Adding 30 experiments ('rbv2_rpart_1040'[1] x 'focus_search'[1] x repls[30]) ...
Adding 30 experiments ('rbv2_rpart_41146'[1] x 'focus_search'[1] x repls[30]) ...
Adding 30 experiments ('rbv2_rpart_377'[1] x 'focus_search'[1] x repls[30]) ...
Adding 30 experiments ('rbv2_rpart_40499'[1] x 'focus_search'[1] x repls[30]) ...
Adding 30 experiments ('rbv2_rpart_50'[1] x 'focus_search'[1] x repls[30]) ...
Adding 30 experiments ('rbv2_rpart_54'[1] x 'focus_search'[1] x repls[30]) ...
Adding 30 experiments ('rbv2_rpart_41166'[1] x 'focus_search'[1] x repls[30]) ...
Adding 30 experiments ('rbv2_rpart_307'[1] x 'focus_search'[1] x repls[30]) ...
Adding 30 experiments ('rbv2_rpart_1497'[1] x 'focus_search'[1] x repls[30]) ...
Adding 30 experiments ('rbv2_rpart_60'[1] x 'focus_search'[1] x repls[30]) ...
Adding 30 experiments ('rbv2_rpart_1510'[1] x 'focus_search'[1] x repls[30]) ...
Adding 30 experiments ('rbv2_rpart_40983'[1] x 'focus_search'[1] x repls[30]) ...
Adding 30 experiments ('rbv2_rpart_40498'[1] x 'focus_search'[1] x repls[30]) ...
Adding 30 experiments ('rbv2_rpart_181'[1] x 'focus_search'[1] x repls[30]) ...
Adding 30 experiments ('rbv2_glmnet_41138'[1] x 'focus_search'[1] x repls[30]) ...
Adding 30 experiments ('rbv2_glmnet_4135'[1] x 'focus_search'[1] x repls[30]) ...
Adding 30 experiments ('rbv2_glmnet_40981'[1] x 'focus_search'[1] x repls[30]) ...
Adding 30 experiments ('rbv2_glmnet_4134'[1] x 'focus_search'[1] x repls[30]) ...
Adding 30 experiments ('rbv2_glmnet_1220'[1] x 'focus_search'[1] x repls[30]) ...
Adding 30 experiments ('rbv2_glmnet_4154'[1] x 'focus_search'[1] x repls[30]) ...
Adding 30 experiments ('rbv2_glmnet_41163'[1] x 'focus_search'[1] x repls[30]) ...
Adding 30 experiments ('rbv2_glmnet_4538'[1] x 'focus_search'[1] x repls[30]) ...
Adding 30 experiments ('rbv2_glmnet_40978'[1] x 'focus_search'[1] x repls[30]) ...
Adding 30 experiments ('rbv2_glmnet_375'[1] x 'focus_search'[1] x repls[30]) ...
Adding 30 experiments ('rbv2_glmnet_1111'[1] x 'focus_search'[1] x repls[30]) ...
Adding 30 experiments ('rbv2_glmnet_40496'[1] x 'focus_search'[1] x repls[30]) ...
Adding 30 experiments ('rbv2_glmnet_40966'[1] x 'focus_search'[1] x repls[30]) ...
Adding 30 experiments ('rbv2_glmnet_41150'[1] x 'focus_search'[1] x repls[30]) ...
Adding 30 experiments ('rbv2_glmnet_4534'[1] x 'focus_search'[1] x repls[30]) ...
Adding 30 experiments ('rbv2_glmnet_40900'[1] x 'focus_search'[1] x repls[30]) ...
Adding 30 experiments ('rbv2_glmnet_40536'[1] x 'focus_search'[1] x repls[30]) ...
Adding 30 experiments ('rbv2_glmnet_41156'[1] x 'focus_search'[1] x repls[30]) ...
Adding 30 experiments ('rbv2_glmnet_1590'[1] x 'focus_search'[1] x repls[30]) ...
Adding 30 experiments ('rbv2_glmnet_1457'[1] x 'focus_search'[1] x repls[30]) ...
Adding 30 experiments ('rbv2_glmnet_458'[1] x 'focus_search'[1] x repls[30]) ...
Adding 30 experiments ('rbv2_glmnet_469'[1] x 'focus_search'[1] x repls[30]) ...
Adding 30 experiments ('rbv2_glmnet_41157'[1] x 'focus_search'[1] x repls[30]) ...
Adding 30 experiments ('rbv2_glmnet_11'[1] x 'focus_search'[1] x repls[30]) ...
Adding 30 experiments ('rbv2_glmnet_1461'[1] x 'focus_search'[1] x repls[30]) ...
Adding 30 experiments ('rbv2_glmnet_1462'[1] x 'focus_search'[1] x repls[30]) ...
Adding 30 experiments ('rbv2_glmnet_1464'[1] x 'focus_search'[1] x repls[30]) ...
Adding 30 experiments ('rbv2_glmnet_15'[1] x 'focus_search'[1] x repls[30]) ...
Adding 30 experiments ('rbv2_glmnet_40975'[1] x 'focus_search'[1] x repls[30]) ...
Adding 30 experiments ('rbv2_glmnet_41142'[1] x 'focus_search'[1] x repls[30]) ...
Adding 30 experiments ('rbv2_glmnet_40701'[1] x 'focus_search'[1] x repls[30]) ...
Adding 30 experiments ('rbv2_glmnet_40994'[1] x 'focus_search'[1] x repls[30]) ...
Adding 30 experiments ('rbv2_glmnet_23'[1] x 'focus_search'[1] x repls[30]) ...
Adding 30 experiments ('rbv2_glmnet_1468'[1] x 'focus_search'[1] x repls[30]) ...
Adding 30 experiments ('rbv2_glmnet_40668'[1] x 'focus_search'[1] x repls[30]) ...
Adding 30 experiments ('rbv2_glmnet_29'[1] x 'focus_search'[1] x repls[30]) ...
Adding 30 experiments ('rbv2_glmnet_31'[1] x 'focus_search'[1] x repls[30]) ...
Adding 30 experiments ('rbv2_glmnet_6332'[1] x 'focus_search'[1] x repls[30]) ...
Adding 30 experiments ('rbv2_glmnet_37'[1] x 'focus_search'[1] x repls[30]) ...
Adding 30 experiments ('rbv2_glmnet_4541'[1] x 'focus_search'[1] x repls[30]) ...
Adding 30 experiments ('rbv2_glmnet_40670'[1] x 'focus_search'[1] x repls[30]) ...
Adding 30 experiments ('rbv2_glmnet_23381'[1] x 'focus_search'[1] x repls[30]) ...
Adding 30 experiments ('rbv2_glmnet_151'[1] x 'focus_search'[1] x repls[30]) ...
Adding 30 experiments ('rbv2_glmnet_188'[1] x 'focus_search'[1] x repls[30]) ...
Adding 30 experiments ('rbv2_glmnet_41164'[1] x 'focus_search'[1] x repls[30]) ...
Adding 30 experiments ('rbv2_glmnet_1475'[1] x 'focus_search'[1] x repls[30]) ...
Adding 30 experiments ('rbv2_glmnet_1476'[1] x 'focus_search'[1] x repls[30]) ...
Adding 30 experiments ('rbv2_glmnet_41159'[1] x 'focus_search'[1] x repls[30]) ...
Adding 30 experiments ('rbv2_glmnet_1478'[1] x 'focus_search'[1] x repls[30]) ...
Adding 30 experiments ('rbv2_glmnet_41169'[1] x 'focus_search'[1] x repls[30]) ...
Adding 30 experiments ('rbv2_glmnet_23512'[1] x 'focus_search'[1] x repls[30]) ...
Adding 30 experiments ('rbv2_glmnet_1479'[1] x 'focus_search'[1] x repls[30]) ...
Adding 30 experiments ('rbv2_glmnet_41212'[1] x 'focus_search'[1] x repls[30]) ...
Adding 30 experiments ('rbv2_glmnet_1480'[1] x 'focus_search'[1] x repls[30]) ...
Adding 30 experiments ('rbv2_glmnet_300'[1] x 'focus_search'[1] x repls[30]) ...
Adding 30 experiments ('rbv2_glmnet_41168'[1] x 'focus_search'[1] x repls[30]) ...
Adding 30 experiments ('rbv2_glmnet_41143'[1] x 'focus_search'[1] x repls[30]) ...
Adding 30 experiments ('rbv2_glmnet_1053'[1] x 'focus_search'[1] x repls[30]) ...
Adding 30 experiments ('rbv2_glmnet_41027'[1] x 'focus_search'[1] x repls[30]) ...
Adding 30 experiments ('rbv2_glmnet_1067'[1] x 'focus_search'[1] x repls[30]) ...
Adding 30 experiments ('rbv2_glmnet_1063'[1] x 'focus_search'[1] x repls[30]) ...
Adding 30 experiments ('rbv2_glmnet_41162'[1] x 'focus_search'[1] x repls[30]) ...
Adding 30 experiments ('rbv2_glmnet_3'[1] x 'focus_search'[1] x repls[30]) ...
Adding 30 experiments ('rbv2_glmnet_6'[1] x 'focus_search'[1] x repls[30]) ...
Adding 30 experiments ('rbv2_glmnet_1485'[1] x 'focus_search'[1] x repls[30]) ...
Adding 30 experiments ('rbv2_glmnet_1056'[1] x 'focus_search'[1] x repls[30]) ...
Adding 30 experiments ('rbv2_glmnet_12'[1] x 'focus_search'[1] x repls[30]) ...
Adding 30 experiments ('rbv2_glmnet_14'[1] x 'focus_search'[1] x repls[30]) ...
Adding 30 experiments ('rbv2_glmnet_16'[1] x 'focus_search'[1] x repls[30]) ...
Adding 30 experiments ('rbv2_glmnet_18'[1] x 'focus_search'[1] x repls[30]) ...
Adding 30 experiments ('rbv2_glmnet_40979'[1] x 'focus_search'[1] x repls[30]) ...
Adding 30 experiments ('rbv2_glmnet_22'[1] x 'focus_search'[1] x repls[30]) ...
Adding 30 experiments ('rbv2_glmnet_1515'[1] x 'focus_search'[1] x repls[30]) ...
Adding 30 experiments ('rbv2_glmnet_334'[1] x 'focus_search'[1] x repls[30]) ...
Adding 30 experiments ('rbv2_glmnet_24'[1] x 'focus_search'[1] x repls[30]) ...
Adding 30 experiments ('rbv2_glmnet_1486'[1] x 'focus_search'[1] x repls[30]) ...
Adding 30 experiments ('rbv2_glmnet_23517'[1] x 'focus_search'[1] x repls[30]) ...
Adding 30 experiments ('rbv2_glmnet_41278'[1] x 'focus_search'[1] x repls[30]) ...
Adding 30 experiments ('rbv2_glmnet_1493'[1] x 'focus_search'[1] x repls[30]) ...
Adding 30 experiments ('rbv2_glmnet_28'[1] x 'focus_search'[1] x repls[30]) ...
Adding 30 experiments ('rbv2_glmnet_1487'[1] x 'focus_search'[1] x repls[30]) ...
Adding 30 experiments ('rbv2_glmnet_1068'[1] x 'focus_search'[1] x repls[30]) ...
Adding 30 experiments ('rbv2_glmnet_1050'[1] x 'focus_search'[1] x repls[30]) ...
Adding 30 experiments ('rbv2_glmnet_1049'[1] x 'focus_search'[1] x repls[30]) ...
Adding 30 experiments ('rbv2_glmnet_32'[1] x 'focus_search'[1] x repls[30]) ...
Adding 30 experiments ('rbv2_glmnet_1489'[1] x 'focus_search'[1] x repls[30]) ...
Adding 30 experiments ('rbv2_glmnet_470'[1] x 'focus_search'[1] x repls[30]) ...
Adding 30 experiments ('rbv2_glmnet_1494'[1] x 'focus_search'[1] x repls[30]) ...
Adding 30 experiments ('rbv2_glmnet_41161'[1] x 'focus_search'[1] x repls[30]) ...
Adding 30 experiments ('rbv2_glmnet_182'[1] x 'focus_search'[1] x repls[30]) ...
Adding 30 experiments ('rbv2_glmnet_312'[1] x 'focus_search'[1] x repls[30]) ...
Adding 30 experiments ('rbv2_glmnet_40984'[1] x 'focus_search'[1] x repls[30]) ...
Adding 30 experiments ('rbv2_glmnet_1501'[1] x 'focus_search'[1] x repls[30]) ...
Adding 30 experiments ('rbv2_glmnet_40685'[1] x 'focus_search'[1] x repls[30]) ...
Adding 30 experiments ('rbv2_glmnet_38'[1] x 'focus_search'[1] x repls[30]) ...
Adding 30 experiments ('rbv2_glmnet_42'[1] x 'focus_search'[1] x repls[30]) ...
Adding 30 experiments ('rbv2_glmnet_44'[1] x 'focus_search'[1] x repls[30]) ...
Adding 30 experiments ('rbv2_glmnet_46'[1] x 'focus_search'[1] x repls[30]) ...
Adding 30 experiments ('rbv2_glmnet_40982'[1] x 'focus_search'[1] x repls[30]) ...
Adding 30 experiments ('rbv2_glmnet_1040'[1] x 'focus_search'[1] x repls[30]) ...
Adding 30 experiments ('rbv2_glmnet_41146'[1] x 'focus_search'[1] x repls[30]) ...
Adding 30 experiments ('rbv2_glmnet_377'[1] x 'focus_search'[1] x repls[30]) ...
Adding 30 experiments ('rbv2_glmnet_40499'[1] x 'focus_search'[1] x repls[30]) ...
Adding 30 experiments ('rbv2_glmnet_50'[1] x 'focus_search'[1] x repls[30]) ...
Adding 30 experiments ('rbv2_glmnet_54'[1] x 'focus_search'[1] x repls[30]) ...
Adding 30 experiments ('rbv2_glmnet_41216'[1] x 'focus_search'[1] x repls[30]) ...
Adding 30 experiments ('rbv2_glmnet_41166'[1] x 'focus_search'[1] x repls[30]) ...
Adding 30 experiments ('rbv2_glmnet_307'[1] x 'focus_search'[1] x repls[30]) ...
Adding 30 experiments ('rbv2_glmnet_1497'[1] x 'focus_search'[1] x repls[30]) ...
Adding 30 experiments ('rbv2_glmnet_60'[1] x 'focus_search'[1] x repls[30]) ...
Adding 30 experiments ('rbv2_glmnet_1510'[1] x 'focus_search'[1] x repls[30]) ...
Adding 30 experiments ('rbv2_glmnet_40983'[1] x 'focus_search'[1] x repls[30]) ...
Adding 30 experiments ('rbv2_glmnet_40498'[1] x 'focus_search'[1] x repls[30]) ...
Adding 30 experiments ('rbv2_glmnet_181'[1] x 'focus_search'[1] x repls[30]) ...
Adding 30 experiments ('rbv2_glmnet_554'[1] x 'focus_search'[1] x repls[30]) ...
Adding 30 experiments ('rbv2_xgboost_16'[1] x 'focus_search'[1] x repls[30]) ...
Adding 30 experiments ('rbv2_xgboost_40923'[1] x 'focus_search'[1] x repls[30]) ...
Adding 30 experiments ('rbv2_xgboost_41143'[1] x 'focus_search'[1] x repls[30]) ...
Adding 30 experiments ('rbv2_xgboost_470'[1] x 'focus_search'[1] x repls[30]) ...
Adding 30 experiments ('rbv2_xgboost_1487'[1] x 'focus_search'[1] x repls[30]) ...
Adding 30 experiments ('rbv2_xgboost_40499'[1] x 'focus_search'[1] x repls[30]) ...
Adding 30 experiments ('rbv2_xgboost_40966'[1] x 'focus_search'[1] x repls[30]) ...
Adding 30 experiments ('rbv2_xgboost_41164'[1] x 'focus_search'[1] x repls[30]) ...
Adding 30 experiments ('rbv2_xgboost_1497'[1] x 'focus_search'[1] x repls[30]) ...
Adding 30 experiments ('rbv2_xgboost_40975'[1] x 'focus_search'[1] x repls[30]) ...
Adding 30 experiments ('rbv2_xgboost_1461'[1] x 'focus_search'[1] x repls[30]) ...
Adding 30 experiments ('rbv2_xgboost_41278'[1] x 'focus_search'[1] x repls[30]) ...
Adding 30 experiments ('rbv2_xgboost_11'[1] x 'focus_search'[1] x repls[30]) ...
Adding 30 experiments ('rbv2_xgboost_54'[1] x 'focus_search'[1] x repls[30]) ...
Adding 30 experiments ('rbv2_xgboost_300'[1] x 'focus_search'[1] x repls[30]) ...
Adding 30 experiments ('rbv2_xgboost_40984'[1] x 'focus_search'[1] x repls[30]) ...
Adding 30 experiments ('rbv2_xgboost_31'[1] x 'focus_search'[1] x repls[30]) ...
Adding 30 experiments ('rbv2_xgboost_1067'[1] x 'focus_search'[1] x repls[30]) ...
Adding 30 experiments ('rbv2_xgboost_1590'[1] x 'focus_search'[1] x repls[30]) ...
Adding 30 experiments ('rbv2_xgboost_40983'[1] x 'focus_search'[1] x repls[30]) ...
Adding 30 experiments ('rbv2_xgboost_41163'[1] x 'focus_search'[1] x repls[30]) ...
Adding 30 experiments ('rbv2_xgboost_41165'[1] x 'focus_search'[1] x repls[30]) ...
Adding 30 experiments ('rbv2_xgboost_182'[1] x 'focus_search'[1] x repls[30]) ...
Adding 30 experiments ('rbv2_xgboost_1220'[1] x 'focus_search'[1] x repls[30]) ...
Adding 30 experiments ('rbv2_xgboost_41159'[1] x 'focus_search'[1] x repls[30]) ...
Adding 30 experiments ('rbv2_xgboost_41169'[1] x 'focus_search'[1] x repls[30]) ...
Adding 30 experiments ('rbv2_xgboost_42'[1] x 'focus_search'[1] x repls[30]) ...
Adding 30 experiments ('rbv2_xgboost_188'[1] x 'focus_search'[1] x repls[30]) ...
Adding 30 experiments ('rbv2_xgboost_1457'[1] x 'focus_search'[1] x repls[30]) ...
Adding 30 experiments ('rbv2_xgboost_1480'[1] x 'focus_search'[1] x repls[30]) ...
Adding 30 experiments ('rbv2_xgboost_6332'[1] x 'focus_search'[1] x repls[30]) ...
Adding 30 experiments ('rbv2_xgboost_181'[1] x 'focus_search'[1] x repls[30]) ...
Adding 30 experiments ('rbv2_xgboost_1479'[1] x 'focus_search'[1] x repls[30]) ...
Adding 30 experiments ('rbv2_xgboost_40670'[1] x 'focus_search'[1] x repls[30]) ...
Adding 30 experiments ('rbv2_xgboost_40536'[1] x 'focus_search'[1] x repls[30]) ...
Adding 30 experiments ('rbv2_xgboost_41138'[1] x 'focus_search'[1] x repls[30]) ...
Adding 30 experiments ('rbv2_xgboost_41166'[1] x 'focus_search'[1] x repls[30]) ...
Adding 30 experiments ('rbv2_xgboost_6'[1] x 'focus_search'[1] x repls[30]) ...
Adding 30 experiments ('rbv2_xgboost_14'[1] x 'focus_search'[1] x repls[30]) ...
Adding 30 experiments ('rbv2_xgboost_29'[1] x 'focus_search'[1] x repls[30]) ...
Adding 30 experiments ('rbv2_xgboost_458'[1] x 'focus_search'[1] x repls[30]) ...
Adding 30 experiments ('rbv2_xgboost_1056'[1] x 'focus_search'[1] x repls[30]) ...
Adding 30 experiments ('rbv2_xgboost_1462'[1] x 'focus_search'[1] x repls[30]) ...
Adding 30 experiments ('rbv2_xgboost_1494'[1] x 'focus_search'[1] x repls[30]) ...
Adding 30 experiments ('rbv2_xgboost_40701'[1] x 'focus_search'[1] x repls[30]) ...
Adding 30 experiments ('rbv2_xgboost_12'[1] x 'focus_search'[1] x repls[30]) ...
Adding 30 experiments ('rbv2_xgboost_1493'[1] x 'focus_search'[1] x repls[30]) ...
Adding 30 experiments ('rbv2_xgboost_44'[1] x 'focus_search'[1] x repls[30]) ...
Adding 30 experiments ('rbv2_xgboost_307'[1] x 'focus_search'[1] x repls[30]) ...
Adding 30 experiments ('rbv2_xgboost_334'[1] x 'focus_search'[1] x repls[30]) ...
Adding 30 experiments ('rbv2_xgboost_40982'[1] x 'focus_search'[1] x repls[30]) ...
Adding 30 experiments ('rbv2_xgboost_41142'[1] x 'focus_search'[1] x repls[30]) ...
Adding 30 experiments ('rbv2_xgboost_38'[1] x 'focus_search'[1] x repls[30]) ...
Adding 30 experiments ('rbv2_xgboost_1050'[1] x 'focus_search'[1] x repls[30]) ...
Adding 30 experiments ('rbv2_xgboost_469'[1] x 'focus_search'[1] x repls[30]) ...
Adding 30 experiments ('rbv2_xgboost_23381'[1] x 'focus_search'[1] x repls[30]) ...
Adding 30 experiments ('rbv2_xgboost_41157'[1] x 'focus_search'[1] x repls[30]) ...
Adding 30 experiments ('rbv2_xgboost_15'[1] x 'focus_search'[1] x repls[30]) ...
Adding 30 experiments ('rbv2_xgboost_4541'[1] x 'focus_search'[1] x repls[30]) ...
Adding 30 experiments ('rbv2_xgboost_23'[1] x 'focus_search'[1] x repls[30]) ...
Adding 30 experiments ('rbv2_xgboost_4134'[1] x 'focus_search'[1] x repls[30]) ...
Adding 30 experiments ('rbv2_xgboost_40927'[1] x 'focus_search'[1] x repls[30]) ...
Adding 30 experiments ('rbv2_xgboost_40981'[1] x 'focus_search'[1] x repls[30]) ...
Adding 30 experiments ('rbv2_xgboost_41156'[1] x 'focus_search'[1] x repls[30]) ...
Adding 30 experiments ('rbv2_xgboost_3'[1] x 'focus_search'[1] x repls[30]) ...
Adding 30 experiments ('rbv2_xgboost_1049'[1] x 'focus_search'[1] x repls[30]) ...
Adding 30 experiments ('rbv2_xgboost_40900'[1] x 'focus_search'[1] x repls[30]) ...
Adding 30 experiments ('rbv2_xgboost_1063'[1] x 'focus_search'[1] x repls[30]) ...
Adding 30 experiments ('rbv2_xgboost_23512'[1] x 'focus_search'[1] x repls[30]) ...
Adding 30 experiments ('rbv2_xgboost_40979'[1] x 'focus_search'[1] x repls[30]) ...
Adding 30 experiments ('rbv2_xgboost_1040'[1] x 'focus_search'[1] x repls[30]) ...
Adding 30 experiments ('rbv2_xgboost_1068'[1] x 'focus_search'[1] x repls[30]) ...
Adding 30 experiments ('rbv2_xgboost_41161'[1] x 'focus_search'[1] x repls[30]) ...
Adding 30 experiments ('rbv2_xgboost_22'[1] x 'focus_search'[1] x repls[30]) ...
Adding 30 experiments ('rbv2_xgboost_1489'[1] x 'focus_search'[1] x repls[30]) ...
Adding 30 experiments ('rbv2_xgboost_41027'[1] x 'focus_search'[1] x repls[30]) ...
Adding 30 experiments ('rbv2_xgboost_24'[1] x 'focus_search'[1] x repls[30]) ...
Adding 30 experiments ('rbv2_xgboost_4135'[1] x 'focus_search'[1] x repls[30]) ...
Adding 30 experiments ('rbv2_xgboost_23517'[1] x 'focus_search'[1] x repls[30]) ...
Adding 30 experiments ('rbv2_xgboost_1053'[1] x 'focus_search'[1] x repls[30]) ...
Adding 30 experiments ('rbv2_xgboost_1468'[1] x 'focus_search'[1] x repls[30]) ...
Adding 30 experiments ('rbv2_xgboost_312'[1] x 'focus_search'[1] x repls[30]) ...
Adding 30 experiments ('rbv2_xgboost_377'[1] x 'focus_search'[1] x repls[30]) ...
Adding 30 experiments ('rbv2_xgboost_1515'[1] x 'focus_search'[1] x repls[30]) ...
Adding 30 experiments ('rbv2_xgboost_18'[1] x 'focus_search'[1] x repls[30]) ...
Adding 30 experiments ('rbv2_xgboost_1476'[1] x 'focus_search'[1] x repls[30]) ...
Adding 30 experiments ('rbv2_xgboost_1510'[1] x 'focus_search'[1] x repls[30]) ...
Adding 30 experiments ('rbv2_xgboost_41162'[1] x 'focus_search'[1] x repls[30]) ...
Adding 30 experiments ('rbv2_xgboost_28'[1] x 'focus_search'[1] x repls[30]) ...
Adding 30 experiments ('rbv2_xgboost_375'[1] x 'focus_search'[1] x repls[30]) ...
Adding 30 experiments ('rbv2_xgboost_1464'[1] x 'focus_search'[1] x repls[30]) ...
Adding 30 experiments ('rbv2_xgboost_40685'[1] x 'focus_search'[1] x repls[30]) ...
Adding 30 experiments ('rbv2_xgboost_40996'[1] x 'focus_search'[1] x repls[30]) ...
Adding 30 experiments ('rbv2_xgboost_41146'[1] x 'focus_search'[1] x repls[30]) ...
Adding 30 experiments ('rbv2_xgboost_41216'[1] x 'focus_search'[1] x repls[30]) ...
Adding 30 experiments ('rbv2_xgboost_40668'[1] x 'focus_search'[1] x repls[30]) ...
Adding 30 experiments ('rbv2_xgboost_41212'[1] x 'focus_search'[1] x repls[30]) ...
Adding 30 experiments ('rbv2_xgboost_32'[1] x 'focus_search'[1] x repls[30]) ...
Adding 30 experiments ('rbv2_xgboost_60'[1] x 'focus_search'[1] x repls[30]) ...
Adding 30 experiments ('rbv2_xgboost_4538'[1] x 'focus_search'[1] x repls[30]) ...
Adding 30 experiments ('rbv2_xgboost_40496'[1] x 'focus_search'[1] x repls[30]) ...
Adding 30 experiments ('rbv2_xgboost_41150'[1] x 'focus_search'[1] x repls[30]) ...
Adding 30 experiments ('rbv2_xgboost_37'[1] x 'focus_search'[1] x repls[30]) ...
Adding 30 experiments ('rbv2_xgboost_46'[1] x 'focus_search'[1] x repls[30]) ...
Adding 30 experiments ('rbv2_xgboost_554'[1] x 'focus_search'[1] x repls[30]) ...
Adding 30 experiments ('rbv2_xgboost_1475'[1] x 'focus_search'[1] x repls[30]) ...
Adding 30 experiments ('rbv2_xgboost_1485'[1] x 'focus_search'[1] x repls[30]) ...
Adding 30 experiments ('rbv2_xgboost_1501'[1] x 'focus_search'[1] x repls[30]) ...
Adding 30 experiments ('rbv2_xgboost_1111'[1] x 'focus_search'[1] x repls[30]) ...
Adding 30 experiments ('rbv2_xgboost_4534'[1] x 'focus_search'[1] x repls[30]) ...
Adding 30 experiments ('rbv2_xgboost_41168'[1] x 'focus_search'[1] x repls[30]) ...
Adding 30 experiments ('rbv2_xgboost_151'[1] x 'focus_search'[1] x repls[30]) ...
Adding 30 experiments ('rbv2_xgboost_4154'[1] x 'focus_search'[1] x repls[30]) ...
Adding 30 experiments ('rbv2_xgboost_40978'[1] x 'focus_search'[1] x repls[30]) ...
Adding 30 experiments ('rbv2_xgboost_40994'[1] x 'focus_search'[1] x repls[30]) ...
Adding 30 experiments ('rbv2_xgboost_50'[1] x 'focus_search'[1] x repls[30]) ...
Adding 30 experiments ('rbv2_xgboost_1478'[1] x 'focus_search'[1] x repls[30]) ...
Adding 30 experiments ('rbv2_xgboost_1486'[1] x 'focus_search'[1] x repls[30]) ...
Adding 30 experiments ('rbv2_xgboost_40498'[1] x 'focus_search'[1] x repls[30]) ...
Adding 30 experiments ('rbv2_aknn_41138'[1] x 'focus_search'[1] x repls[30]) ...
Adding 30 experiments ('rbv2_aknn_40981'[1] x 'focus_search'[1] x repls[30]) ...
Adding 30 experiments ('rbv2_aknn_4134'[1] x 'focus_search'[1] x repls[30]) ...
Adding 30 experiments ('rbv2_aknn_40927'[1] x 'focus_search'[1] x repls[30]) ...
Adding 30 experiments ('rbv2_aknn_1220'[1] x 'focus_search'[1] x repls[30]) ...
Adding 30 experiments ('rbv2_aknn_4154'[1] x 'focus_search'[1] x repls[30]) ...
Adding 30 experiments ('rbv2_aknn_41163'[1] x 'focus_search'[1] x repls[30]) ...
Adding 30 experiments ('rbv2_aknn_40996'[1] x 'focus_search'[1] x repls[30]) ...
Adding 30 experiments ('rbv2_aknn_4538'[1] x 'focus_search'[1] x repls[30]) ...
Adding 30 experiments ('rbv2_aknn_40978'[1] x 'focus_search'[1] x repls[30]) ...
Adding 30 experiments ('rbv2_aknn_375'[1] x 'focus_search'[1] x repls[30]) ...
Adding 30 experiments ('rbv2_aknn_1111'[1] x 'focus_search'[1] x repls[30]) ...
Adding 30 experiments ('rbv2_aknn_40496'[1] x 'focus_search'[1] x repls[30]) ...
Adding 30 experiments ('rbv2_aknn_40966'[1] x 'focus_search'[1] x repls[30]) ...
Adding 30 experiments ('rbv2_aknn_41150'[1] x 'focus_search'[1] x repls[30]) ...
Adding 30 experiments ('rbv2_aknn_4534'[1] x 'focus_search'[1] x repls[30]) ...
Adding 30 experiments ('rbv2_aknn_40900'[1] x 'focus_search'[1] x repls[30]) ...
Adding 30 experiments ('rbv2_aknn_40536'[1] x 'focus_search'[1] x repls[30]) ...
Adding 30 experiments ('rbv2_aknn_41156'[1] x 'focus_search'[1] x repls[30]) ...
Adding 30 experiments ('rbv2_aknn_1590'[1] x 'focus_search'[1] x repls[30]) ...
Adding 30 experiments ('rbv2_aknn_1457'[1] x 'focus_search'[1] x repls[30]) ...
Adding 30 experiments ('rbv2_aknn_458'[1] x 'focus_search'[1] x repls[30]) ...
Adding 30 experiments ('rbv2_aknn_469'[1] x 'focus_search'[1] x repls[30]) ...
Adding 30 experiments ('rbv2_aknn_41157'[1] x 'focus_search'[1] x repls[30]) ...
Adding 30 experiments ('rbv2_aknn_11'[1] x 'focus_search'[1] x repls[30]) ...
Adding 30 experiments ('rbv2_aknn_1461'[1] x 'focus_search'[1] x repls[30]) ...
Adding 30 experiments ('rbv2_aknn_1462'[1] x 'focus_search'[1] x repls[30]) ...
Adding 30 experiments ('rbv2_aknn_1464'[1] x 'focus_search'[1] x repls[30]) ...
Adding 30 experiments ('rbv2_aknn_15'[1] x 'focus_search'[1] x repls[30]) ...
Adding 30 experiments ('rbv2_aknn_40975'[1] x 'focus_search'[1] x repls[30]) ...
Adding 30 experiments ('rbv2_aknn_41142'[1] x 'focus_search'[1] x repls[30]) ...
Adding 30 experiments ('rbv2_aknn_40701'[1] x 'focus_search'[1] x repls[30]) ...
Adding 30 experiments ('rbv2_aknn_40994'[1] x 'focus_search'[1] x repls[30]) ...
Adding 30 experiments ('rbv2_aknn_23'[1] x 'focus_search'[1] x repls[30]) ...
Adding 30 experiments ('rbv2_aknn_1468'[1] x 'focus_search'[1] x repls[30]) ...
Adding 30 experiments ('rbv2_aknn_40668'[1] x 'focus_search'[1] x repls[30]) ...
Adding 30 experiments ('rbv2_aknn_29'[1] x 'focus_search'[1] x repls[30]) ...
Adding 30 experiments ('rbv2_aknn_31'[1] x 'focus_search'[1] x repls[30]) ...
Adding 30 experiments ('rbv2_aknn_6332'[1] x 'focus_search'[1] x repls[30]) ...
Adding 30 experiments ('rbv2_aknn_37'[1] x 'focus_search'[1] x repls[30]) ...
Adding 30 experiments ('rbv2_aknn_4541'[1] x 'focus_search'[1] x repls[30]) ...
Adding 30 experiments ('rbv2_aknn_40670'[1] x 'focus_search'[1] x repls[30]) ...
Adding 30 experiments ('rbv2_aknn_23381'[1] x 'focus_search'[1] x repls[30]) ...
Adding 30 experiments ('rbv2_aknn_151'[1] x 'focus_search'[1] x repls[30]) ...
Adding 30 experiments ('rbv2_aknn_188'[1] x 'focus_search'[1] x repls[30]) ...
Adding 30 experiments ('rbv2_aknn_41164'[1] x 'focus_search'[1] x repls[30]) ...
Adding 30 experiments ('rbv2_aknn_1475'[1] x 'focus_search'[1] x repls[30]) ...
Adding 30 experiments ('rbv2_aknn_1476'[1] x 'focus_search'[1] x repls[30]) ...
Adding 30 experiments ('rbv2_aknn_41159'[1] x 'focus_search'[1] x repls[30]) ...
Adding 30 experiments ('rbv2_aknn_1478'[1] x 'focus_search'[1] x repls[30]) ...
Adding 30 experiments ('rbv2_aknn_41169'[1] x 'focus_search'[1] x repls[30]) ...
Adding 30 experiments ('rbv2_aknn_23512'[1] x 'focus_search'[1] x repls[30]) ...
Adding 30 experiments ('rbv2_aknn_1479'[1] x 'focus_search'[1] x repls[30]) ...
Adding 30 experiments ('rbv2_aknn_41212'[1] x 'focus_search'[1] x repls[30]) ...
Adding 30 experiments ('rbv2_aknn_1480'[1] x 'focus_search'[1] x repls[30]) ...
Adding 30 experiments ('rbv2_aknn_300'[1] x 'focus_search'[1] x repls[30]) ...
Adding 30 experiments ('rbv2_aknn_41168'[1] x 'focus_search'[1] x repls[30]) ...
Adding 30 experiments ('rbv2_aknn_41143'[1] x 'focus_search'[1] x repls[30]) ...
Adding 30 experiments ('rbv2_aknn_1053'[1] x 'focus_search'[1] x repls[30]) ...
Adding 30 experiments ('rbv2_aknn_41027'[1] x 'focus_search'[1] x repls[30]) ...
Adding 30 experiments ('rbv2_aknn_1067'[1] x 'focus_search'[1] x repls[30]) ...
Adding 30 experiments ('rbv2_aknn_1063'[1] x 'focus_search'[1] x repls[30]) ...
Adding 30 experiments ('rbv2_aknn_41162'[1] x 'focus_search'[1] x repls[30]) ...
Adding 30 experiments ('rbv2_aknn_3'[1] x 'focus_search'[1] x repls[30]) ...
Adding 30 experiments ('rbv2_aknn_6'[1] x 'focus_search'[1] x repls[30]) ...
Adding 30 experiments ('rbv2_aknn_1485'[1] x 'focus_search'[1] x repls[30]) ...
Adding 30 experiments ('rbv2_aknn_1056'[1] x 'focus_search'[1] x repls[30]) ...
Adding 30 experiments ('rbv2_aknn_12'[1] x 'focus_search'[1] x repls[30]) ...
Adding 30 experiments ('rbv2_aknn_14'[1] x 'focus_search'[1] x repls[30]) ...
Adding 30 experiments ('rbv2_aknn_16'[1] x 'focus_search'[1] x repls[30]) ...
Adding 30 experiments ('rbv2_aknn_18'[1] x 'focus_search'[1] x repls[30]) ...
Adding 30 experiments ('rbv2_aknn_40979'[1] x 'focus_search'[1] x repls[30]) ...
Adding 30 experiments ('rbv2_aknn_22'[1] x 'focus_search'[1] x repls[30]) ...
Adding 30 experiments ('rbv2_aknn_1515'[1] x 'focus_search'[1] x repls[30]) ...
Adding 30 experiments ('rbv2_aknn_554'[1] x 'focus_search'[1] x repls[30]) ...
Adding 30 experiments ('rbv2_aknn_334'[1] x 'focus_search'[1] x repls[30]) ...
Adding 30 experiments ('rbv2_aknn_24'[1] x 'focus_search'[1] x repls[30]) ...
Adding 30 experiments ('rbv2_aknn_1486'[1] x 'focus_search'[1] x repls[30]) ...
Adding 30 experiments ('rbv2_aknn_23517'[1] x 'focus_search'[1] x repls[30]) ...
Adding 30 experiments ('rbv2_aknn_41278'[1] x 'focus_search'[1] x repls[30]) ...
Adding 30 experiments ('rbv2_aknn_1493'[1] x 'focus_search'[1] x repls[30]) ...
Adding 30 experiments ('rbv2_aknn_28'[1] x 'focus_search'[1] x repls[30]) ...
Adding 30 experiments ('rbv2_aknn_1487'[1] x 'focus_search'[1] x repls[30]) ...
Adding 30 experiments ('rbv2_aknn_1068'[1] x 'focus_search'[1] x repls[30]) ...
Adding 30 experiments ('rbv2_aknn_1050'[1] x 'focus_search'[1] x repls[30]) ...
Adding 30 experiments ('rbv2_aknn_1049'[1] x 'focus_search'[1] x repls[30]) ...
Adding 30 experiments ('rbv2_aknn_32'[1] x 'focus_search'[1] x repls[30]) ...
Adding 30 experiments ('rbv2_aknn_1489'[1] x 'focus_search'[1] x repls[30]) ...
Adding 30 experiments ('rbv2_aknn_470'[1] x 'focus_search'[1] x repls[30]) ...
Adding 30 experiments ('rbv2_aknn_1494'[1] x 'focus_search'[1] x repls[30]) ...
Adding 30 experiments ('rbv2_aknn_41161'[1] x 'focus_search'[1] x repls[30]) ...
Adding 30 experiments ('rbv2_aknn_41165'[1] x 'focus_search'[1] x repls[30]) ...
Adding 30 experiments ('rbv2_aknn_182'[1] x 'focus_search'[1] x repls[30]) ...
Adding 30 experiments ('rbv2_aknn_312'[1] x 'focus_search'[1] x repls[30]) ...
Adding 30 experiments ('rbv2_aknn_40984'[1] x 'focus_search'[1] x repls[30]) ...
Adding 30 experiments ('rbv2_aknn_1501'[1] x 'focus_search'[1] x repls[30]) ...
Adding 30 experiments ('rbv2_aknn_40685'[1] x 'focus_search'[1] x repls[30]) ...
Adding 30 experiments ('rbv2_aknn_38'[1] x 'focus_search'[1] x repls[30]) ...
Adding 30 experiments ('rbv2_aknn_42'[1] x 'focus_search'[1] x repls[30]) ...
Adding 30 experiments ('rbv2_aknn_44'[1] x 'focus_search'[1] x repls[30]) ...
Adding 30 experiments ('rbv2_aknn_46'[1] x 'focus_search'[1] x repls[30]) ...
Adding 30 experiments ('rbv2_aknn_40982'[1] x 'focus_search'[1] x repls[30]) ...
Adding 30 experiments ('rbv2_aknn_1040'[1] x 'focus_search'[1] x repls[30]) ...
Adding 30 experiments ('rbv2_aknn_41146'[1] x 'focus_search'[1] x repls[30]) ...
Adding 30 experiments ('rbv2_aknn_377'[1] x 'focus_search'[1] x repls[30]) ...
Adding 30 experiments ('rbv2_aknn_40499'[1] x 'focus_search'[1] x repls[30]) ...
Adding 30 experiments ('rbv2_aknn_50'[1] x 'focus_search'[1] x repls[30]) ...
Adding 30 experiments ('rbv2_aknn_54'[1] x 'focus_search'[1] x repls[30]) ...
Adding 30 experiments ('rbv2_aknn_41216'[1] x 'focus_search'[1] x repls[30]) ...
Adding 30 experiments ('rbv2_aknn_41166'[1] x 'focus_search'[1] x repls[30]) ...
Adding 30 experiments ('rbv2_aknn_307'[1] x 'focus_search'[1] x repls[30]) ...
Adding 30 experiments ('rbv2_aknn_1497'[1] x 'focus_search'[1] x repls[30]) ...
Adding 30 experiments ('rbv2_aknn_60'[1] x 'focus_search'[1] x repls[30]) ...
Adding 30 experiments ('rbv2_aknn_1510'[1] x 'focus_search'[1] x repls[30]) ...
Adding 30 experiments ('rbv2_aknn_40983'[1] x 'focus_search'[1] x repls[30]) ...
Adding 30 experiments ('rbv2_aknn_40498'[1] x 'focus_search'[1] x repls[30]) ...
Adding 30 experiments ('rbv2_aknn_181'[1] x 'focus_search'[1] x repls[30]) ...
Adding 30 experiments ('rbv2_aknn_40923'[1] x 'focus_search'[1] x repls[30]) ...
Adding 30 experiments ('rbv2_super_41138'[1] x 'focus_search'[1] x repls[30]) ...
Adding 30 experiments ('rbv2_super_40981'[1] x 'focus_search'[1] x repls[30]) ...
Adding 30 experiments ('rbv2_super_4134'[1] x 'focus_search'[1] x repls[30]) ...
Adding 30 experiments ('rbv2_super_1220'[1] x 'focus_search'[1] x repls[30]) ...
Adding 30 experiments ('rbv2_super_4154'[1] x 'focus_search'[1] x repls[30]) ...
Adding 30 experiments ('rbv2_super_41163'[1] x 'focus_search'[1] x repls[30]) ...
Adding 30 experiments ('rbv2_super_4538'[1] x 'focus_search'[1] x repls[30]) ...
Adding 30 experiments ('rbv2_super_40978'[1] x 'focus_search'[1] x repls[30]) ...
Adding 30 experiments ('rbv2_super_375'[1] x 'focus_search'[1] x repls[30]) ...
Adding 30 experiments ('rbv2_super_1111'[1] x 'focus_search'[1] x repls[30]) ...
Adding 30 experiments ('rbv2_super_40496'[1] x 'focus_search'[1] x repls[30]) ...
Adding 30 experiments ('rbv2_super_40966'[1] x 'focus_search'[1] x repls[30]) ...
Adding 30 experiments ('rbv2_super_4534'[1] x 'focus_search'[1] x repls[30]) ...
Adding 30 experiments ('rbv2_super_40900'[1] x 'focus_search'[1] x repls[30]) ...
Adding 30 experiments ('rbv2_super_40536'[1] x 'focus_search'[1] x repls[30]) ...
Adding 30 experiments ('rbv2_super_41156'[1] x 'focus_search'[1] x repls[30]) ...
Adding 30 experiments ('rbv2_super_1590'[1] x 'focus_search'[1] x repls[30]) ...
Adding 30 experiments ('rbv2_super_1457'[1] x 'focus_search'[1] x repls[30]) ...
Adding 30 experiments ('rbv2_super_458'[1] x 'focus_search'[1] x repls[30]) ...
Adding 30 experiments ('rbv2_super_469'[1] x 'focus_search'[1] x repls[30]) ...
Adding 30 experiments ('rbv2_super_41157'[1] x 'focus_search'[1] x repls[30]) ...
Adding 30 experiments ('rbv2_super_11'[1] x 'focus_search'[1] x repls[30]) ...
Adding 30 experiments ('rbv2_super_1461'[1] x 'focus_search'[1] x repls[30]) ...
Adding 30 experiments ('rbv2_super_1462'[1] x 'focus_search'[1] x repls[30]) ...
Adding 30 experiments ('rbv2_super_1464'[1] x 'focus_search'[1] x repls[30]) ...
Adding 30 experiments ('rbv2_super_15'[1] x 'focus_search'[1] x repls[30]) ...
Adding 30 experiments ('rbv2_super_40975'[1] x 'focus_search'[1] x repls[30]) ...
Adding 30 experiments ('rbv2_super_41142'[1] x 'focus_search'[1] x repls[30]) ...
Adding 30 experiments ('rbv2_super_40701'[1] x 'focus_search'[1] x repls[30]) ...
Adding 30 experiments ('rbv2_super_40994'[1] x 'focus_search'[1] x repls[30]) ...
Adding 30 experiments ('rbv2_super_23'[1] x 'focus_search'[1] x repls[30]) ...
Adding 30 experiments ('rbv2_super_1468'[1] x 'focus_search'[1] x repls[30]) ...
Adding 30 experiments ('rbv2_super_40668'[1] x 'focus_search'[1] x repls[30]) ...
Adding 30 experiments ('rbv2_super_29'[1] x 'focus_search'[1] x repls[30]) ...
Adding 30 experiments ('rbv2_super_31'[1] x 'focus_search'[1] x repls[30]) ...
Adding 30 experiments ('rbv2_super_6332'[1] x 'focus_search'[1] x repls[30]) ...
Adding 30 experiments ('rbv2_super_37'[1] x 'focus_search'[1] x repls[30]) ...
Adding 30 experiments ('rbv2_super_40670'[1] x 'focus_search'[1] x repls[30]) ...
Adding 30 experiments ('rbv2_super_23381'[1] x 'focus_search'[1] x repls[30]) ...
Adding 30 experiments ('rbv2_super_151'[1] x 'focus_search'[1] x repls[30]) ...
Adding 30 experiments ('rbv2_super_188'[1] x 'focus_search'[1] x repls[30]) ...
Adding 30 experiments ('rbv2_super_41164'[1] x 'focus_search'[1] x repls[30]) ...
Adding 30 experiments ('rbv2_super_1475'[1] x 'focus_search'[1] x repls[30]) ...
Adding 30 experiments ('rbv2_super_1476'[1] x 'focus_search'[1] x repls[30]) ...
Adding 30 experiments ('rbv2_super_1478'[1] x 'focus_search'[1] x repls[30]) ...
Adding 30 experiments ('rbv2_super_41169'[1] x 'focus_search'[1] x repls[30]) ...
Adding 30 experiments ('rbv2_super_1479'[1] x 'focus_search'[1] x repls[30]) ...
Adding 30 experiments ('rbv2_super_41212'[1] x 'focus_search'[1] x repls[30]) ...
Adding 30 experiments ('rbv2_super_1480'[1] x 'focus_search'[1] x repls[30]) ...
Adding 30 experiments ('rbv2_super_300'[1] x 'focus_search'[1] x repls[30]) ...
Adding 30 experiments ('rbv2_super_41143'[1] x 'focus_search'[1] x repls[30]) ...
Adding 30 experiments ('rbv2_super_1053'[1] x 'focus_search'[1] x repls[30]) ...
Adding 30 experiments ('rbv2_super_41027'[1] x 'focus_search'[1] x repls[30]) ...
Adding 30 experiments ('rbv2_super_1067'[1] x 'focus_search'[1] x repls[30]) ...
Adding 30 experiments ('rbv2_super_1063'[1] x 'focus_search'[1] x repls[30]) ...
Adding 30 experiments ('rbv2_super_41162'[1] x 'focus_search'[1] x repls[30]) ...
Adding 30 experiments ('rbv2_super_3'[1] x 'focus_search'[1] x repls[30]) ...
Adding 30 experiments ('rbv2_super_6'[1] x 'focus_search'[1] x repls[30]) ...
Adding 30 experiments ('rbv2_super_1485'[1] x 'focus_search'[1] x repls[30]) ...
Adding 30 experiments ('rbv2_super_1056'[1] x 'focus_search'[1] x repls[30]) ...
Adding 30 experiments ('rbv2_super_12'[1] x 'focus_search'[1] x repls[30]) ...
Adding 30 experiments ('rbv2_super_14'[1] x 'focus_search'[1] x repls[30]) ...
Adding 30 experiments ('rbv2_super_16'[1] x 'focus_search'[1] x repls[30]) ...
Adding 30 experiments ('rbv2_super_18'[1] x 'focus_search'[1] x repls[30]) ...
Adding 30 experiments ('rbv2_super_40979'[1] x 'focus_search'[1] x repls[30]) ...
Adding 30 experiments ('rbv2_super_22'[1] x 'focus_search'[1] x repls[30]) ...
Adding 30 experiments ('rbv2_super_1515'[1] x 'focus_search'[1] x repls[30]) ...
Adding 30 experiments ('rbv2_super_334'[1] x 'focus_search'[1] x repls[30]) ...
Adding 30 experiments ('rbv2_super_24'[1] x 'focus_search'[1] x repls[30]) ...
Adding 30 experiments ('rbv2_super_1486'[1] x 'focus_search'[1] x repls[30]) ...
Adding 30 experiments ('rbv2_super_1493'[1] x 'focus_search'[1] x repls[30]) ...
Adding 30 experiments ('rbv2_super_28'[1] x 'focus_search'[1] x repls[30]) ...
Adding 30 experiments ('rbv2_super_1487'[1] x 'focus_search'[1] x repls[30]) ...
Adding 30 experiments ('rbv2_super_1068'[1] x 'focus_search'[1] x repls[30]) ...
Adding 30 experiments ('rbv2_super_1050'[1] x 'focus_search'[1] x repls[30]) ...
Adding 30 experiments ('rbv2_super_1049'[1] x 'focus_search'[1] x repls[30]) ...
Adding 30 experiments ('rbv2_super_32'[1] x 'focus_search'[1] x repls[30]) ...
Adding 30 experiments ('rbv2_super_1489'[1] x 'focus_search'[1] x repls[30]) ...
Adding 30 experiments ('rbv2_super_470'[1] x 'focus_search'[1] x repls[30]) ...
Adding 30 experiments ('rbv2_super_1494'[1] x 'focus_search'[1] x repls[30]) ...
Adding 30 experiments ('rbv2_super_182'[1] x 'focus_search'[1] x repls[30]) ...
Adding 30 experiments ('rbv2_super_312'[1] x 'focus_search'[1] x repls[30]) ...
Adding 30 experiments ('rbv2_super_40984'[1] x 'focus_search'[1] x repls[30]) ...
Adding 30 experiments ('rbv2_super_1501'[1] x 'focus_search'[1] x repls[30]) ...
Adding 30 experiments ('rbv2_super_40685'[1] x 'focus_search'[1] x repls[30]) ...
Adding 30 experiments ('rbv2_super_38'[1] x 'focus_search'[1] x repls[30]) ...
Adding 30 experiments ('rbv2_super_42'[1] x 'focus_search'[1] x repls[30]) ...
Adding 30 experiments ('rbv2_super_44'[1] x 'focus_search'[1] x repls[30]) ...
Adding 30 experiments ('rbv2_super_46'[1] x 'focus_search'[1] x repls[30]) ...
Adding 30 experiments ('rbv2_super_40982'[1] x 'focus_search'[1] x repls[30]) ...
Adding 30 experiments ('rbv2_super_1040'[1] x 'focus_search'[1] x repls[30]) ...
Adding 30 experiments ('rbv2_super_41146'[1] x 'focus_search'[1] x repls[30]) ...
Adding 30 experiments ('rbv2_super_377'[1] x 'focus_search'[1] x repls[30]) ...
Adding 30 experiments ('rbv2_super_40499'[1] x 'focus_search'[1] x repls[30]) ...
Adding 30 experiments ('rbv2_super_50'[1] x 'focus_search'[1] x repls[30]) ...
Adding 30 experiments ('rbv2_super_54'[1] x 'focus_search'[1] x repls[30]) ...
Adding 30 experiments ('rbv2_super_307'[1] x 'focus_search'[1] x repls[30]) ...
Adding 30 experiments ('rbv2_super_1497'[1] x 'focus_search'[1] x repls[30]) ...
Adding 30 experiments ('rbv2_super_60'[1] x 'focus_search'[1] x repls[30]) ...
Adding 30 experiments ('rbv2_super_1510'[1] x 'focus_search'[1] x repls[30]) ...
Adding 30 experiments ('rbv2_super_40983'[1] x 'focus_search'[1] x repls[30]) ...
Adding 30 experiments ('rbv2_super_40498'[1] x 'focus_search'[1] x repls[30]) ...
Adding 30 experiments ('rbv2_super_181'[1] x 'focus_search'[1] x repls[30]) ...
Adding 30 experiments ('lcbench_3945'[1] x 'focus_search'[1] x repls[30]) ...
Adding 30 experiments ('lcbench_7593'[1] x 'focus_search'[1] x repls[30]) ...
Adding 30 experiments ('lcbench_34539'[1] x 'focus_search'[1] x repls[30]) ...
Adding 30 experiments ('lcbench_126025'[1] x 'focus_search'[1] x repls[30]) ...
Adding 30 experiments ('lcbench_126026'[1] x 'focus_search'[1] x repls[30]) ...
Adding 30 experiments ('lcbench_126029'[1] x 'focus_search'[1] x repls[30]) ...
Adding 30 experiments ('lcbench_146212'[1] x 'focus_search'[1] x repls[30]) ...
Adding 30 experiments ('lcbench_167104'[1] x 'focus_search'[1] x repls[30]) ...
Adding 30 experiments ('lcbench_167149'[1] x 'focus_search'[1] x repls[30]) ...
Adding 30 experiments ('lcbench_167152'[1] x 'focus_search'[1] x repls[30]) ...
Adding 30 experiments ('lcbench_167161'[1] x 'focus_search'[1] x repls[30]) ...
Adding 30 experiments ('lcbench_167168'[1] x 'focus_search'[1] x repls[30]) ...
Adding 30 experiments ('lcbench_167181'[1] x 'focus_search'[1] x repls[30]) ...
Adding 30 experiments ('lcbench_167184'[1] x 'focus_search'[1] x repls[30]) ...
Adding 30 experiments ('lcbench_167185'[1] x 'focus_search'[1] x repls[30]) ...
Adding 30 experiments ('lcbench_167190'[1] x 'focus_search'[1] x repls[30]) ...
Adding 30 experiments ('lcbench_167200'[1] x 'focus_search'[1] x repls[30]) ...
Adding 30 experiments ('lcbench_167201'[1] x 'focus_search'[1] x repls[30]) ...
Adding 30 experiments ('lcbench_168329'[1] x 'focus_search'[1] x repls[30]) ...
Adding 30 experiments ('lcbench_168330'[1] x 'focus_search'[1] x repls[30]) ...
Adding 30 experiments ('lcbench_168331'[1] x 'focus_search'[1] x repls[30]) ...
Adding 30 experiments ('lcbench_168335'[1] x 'focus_search'[1] x repls[30]) ...
Adding 30 experiments ('lcbench_168868'[1] x 'focus_search'[1] x repls[30]) ...
Adding 30 experiments ('lcbench_168908'[1] x 'focus_search'[1] x repls[30]) ...
Adding 30 experiments ('lcbench_168910'[1] x 'focus_search'[1] x repls[30]) ...
Adding 30 experiments ('lcbench_189354'[1] x 'focus_search'[1] x repls[30]) ...
Adding 30 experiments ('lcbench_189862'[1] x 'focus_search'[1] x repls[30]) ...
Adding 30 experiments ('lcbench_189865'[1] x 'focus_search'[1] x repls[30]) ...
Adding 30 experiments ('lcbench_189866'[1] x 'focus_search'[1] x repls[30]) ...
Adding 30 experiments ('lcbench_189873'[1] x 'focus_search'[1] x repls[30]) ...
Adding 30 experiments ('lcbench_189905'[1] x 'focus_search'[1] x repls[30]) ...
Adding 30 experiments ('lcbench_189906'[1] x 'focus_search'[1] x repls[30]) ...
Adding 30 experiments ('lcbench_189908'[1] x 'focus_search'[1] x repls[30]) ...
Adding 30 experiments ('lcbench_189909'[1] x 'focus_search'[1] x repls[30]) ...
Submitting 24930 jobs in 831 chunks using cluster functions 'Slurm' ...
